ARM GAS  C:\Users\VINODK~1\AppData\Local\Temp\ccSTgvqf.s 			page 1


   1              		.syntax unified
   2              		.cpu cortex-m3
   3              		.fpu softvfp
   4              		.eabi_attribute 20, 1
   5              		.eabi_attribute 21, 1
   6              		.eabi_attribute 23, 3
   7              		.eabi_attribute 24, 1
   8              		.eabi_attribute 25, 1
   9              		.eabi_attribute 26, 1
  10              		.eabi_attribute 30, 1
  11              		.eabi_attribute 34, 1
  12              		.eabi_attribute 18, 4
  13              		.thumb
  14              		.syntax unified
  15              		.file	"cymetadata.c"
  16              		.text
  17              	.Ltext0:
  18              		.cfi_sections	.debug_frame
  19              		.global	cy_metadata
  20              		.global	cy_meta_flashprotect
  21              		.global	cy_meta_wonvl
  22              		.global	cy_meta_custnvl
  23              		.global	cy_meta_configecc
  24              		.section	.cyconfigecc,"a",%progbits
  25              		.align	2
  26              		.type	cy_meta_configecc, %object
  27              		.size	cy_meta_configecc, 1132
  28              	cy_meta_configecc:
  29 0000 01       		.byte	1
  30 0001 45       		.byte	69
  31 0002 00       		.byte	0
  32 0003 40       		.byte	64
  33 0004 03       		.byte	3
  34 0005 52       		.byte	82
  35 0006 00       		.byte	0
  36 0007 40       		.byte	64
  37 0008 01       		.byte	1
  38 0009 5A       		.byte	90
  39 000a 00       		.byte	0
  40 000b 40       		.byte	64
  41 000c 03       		.byte	3
  42 000d 64       		.byte	100
  43 000e 00       		.byte	0
  44 000f 40       		.byte	64
  45 0010 01       		.byte	1
  46 0011 01       		.byte	1
  47 0012 01       		.byte	1
  48 0013 40       		.byte	64
  49 0014 01       		.byte	1
  50 0015 03       		.byte	3
  51 0016 01       		.byte	1
  52 0017 40       		.byte	64
  53 0018 01       		.byte	1
  54 0019 07       		.byte	7
  55 001a 01       		.byte	1
  56 001b 40       		.byte	64
  57 001c 04       		.byte	4
ARM GAS  C:\Users\VINODK~1\AppData\Local\Temp\ccSTgvqf.s 			page 2


  58 001d 08       		.byte	8
  59 001e 01       		.byte	1
  60 001f 40       		.byte	64
  61 0020 02       		.byte	2
  62 0021 09       		.byte	9
  63 0022 01       		.byte	1
  64 0023 40       		.byte	64
  65 0024 4E       		.byte	78
  66 0025 0A       		.byte	10
  67 0026 01       		.byte	1
  68 0027 40       		.byte	64
  69 0028 40       		.byte	64
  70 0029 0B       		.byte	11
  71 002a 01       		.byte	1
  72 002b 40       		.byte	64
  73 002c 0C       		.byte	12
  74 002d 0C       		.byte	12
  75 002e 01       		.byte	1
  76 002f 40       		.byte	64
  77 0030 49       		.byte	73
  78 0031 0D       		.byte	13
  79 0032 01       		.byte	1
  80 0033 40       		.byte	64
  81 0034 4F       		.byte	79
  82 0035 0E       		.byte	14
  83 0036 01       		.byte	1
  84 0037 40       		.byte	64
  85 0038 34       		.byte	52
  86 0039 0F       		.byte	15
  87 003a 01       		.byte	1
  88 003b 40       		.byte	64
  89 003c 01       		.byte	1
  90 003d 19       		.byte	25
  91 003e 01       		.byte	1
  92 003f 40       		.byte	64
  93 0040 06       		.byte	6
  94 0041 40       		.byte	64
  95 0042 01       		.byte	1
  96 0043 40       		.byte	64
  97 0044 05       		.byte	5
  98 0045 41       		.byte	65
  99 0046 01       		.byte	1
 100 0047 40       		.byte	64
 101 0048 02       		.byte	2
 102 0049 42       		.byte	66
 103 004a 01       		.byte	1
 104 004b 40       		.byte	64
 105 004c 06       		.byte	6
 106 004d 43       		.byte	67
 107 004e 01       		.byte	1
 108 004f 40       		.byte	64
 109 0050 06       		.byte	6
 110 0051 44       		.byte	68
 111 0052 01       		.byte	1
 112 0053 40       		.byte	64
 113 0054 07       		.byte	7
 114 0055 45       		.byte	69
ARM GAS  C:\Users\VINODK~1\AppData\Local\Temp\ccSTgvqf.s 			page 3


 115 0056 01       		.byte	1
 116 0057 40       		.byte	64
 117 0058 05       		.byte	5
 118 0059 46       		.byte	70
 119 005a 01       		.byte	1
 120 005b 40       		.byte	64
 121 005c 03       		.byte	3
 122 005d 47       		.byte	71
 123 005e 01       		.byte	1
 124 005f 40       		.byte	64
 125 0060 07       		.byte	7
 126 0061 48       		.byte	72
 127 0062 01       		.byte	1
 128 0063 40       		.byte	64
 129 0064 02       		.byte	2
 130 0065 4C       		.byte	76
 131 0066 01       		.byte	1
 132 0067 40       		.byte	64
 133 0068 03       		.byte	3
 134 0069 50       		.byte	80
 135 006a 01       		.byte	1
 136 006b 40       		.byte	64
 137 006c 02       		.byte	2
 138 006d 51       		.byte	81
 139 006e 01       		.byte	1
 140 006f 40       		.byte	64
 141 0070 14       		.byte	20
 142 0071 02       		.byte	2
 143 0072 10       		.byte	16
 144 0073 02       		.byte	2
 145 0074 11       		.byte	17
 146 0075 02       		.byte	2
 147 0076 14       		.byte	20
 148 0077 01       		.byte	1
 149 0078 87       		.byte	-121
 150 0079 01       		.byte	1
 151 007a 8A       		.byte	-118
 152 007b 72       		.byte	114
 153 007c 8D       		.byte	-115
 154 007d 38       		.byte	56
 155 007e 8E       		.byte	-114
 156 007f 0F       		.byte	15
 157 0080 E0       		.byte	-32
 158 0081 40       		.byte	64
 159 0082 E6       		.byte	-26
 160 0083 02       		.byte	2
 161 0084 E0       		.byte	-32
 162 0085 02       		.byte	2
 163 0086 39       		.byte	57
 164 0087 02       		.byte	2
 165 0088 3F       		.byte	63
 166 0089 01       		.byte	1
 167 008a 59       		.byte	89
 168 008b 04       		.byte	4
 169 008c 5F       		.byte	95
 170 008d 01       		.byte	1
 171 008e 24       		.byte	36
ARM GAS  C:\Users\VINODK~1\AppData\Local\Temp\ccSTgvqf.s 			page 4


 172 008f 40       		.byte	64
 173 0090 E0       		.byte	-32
 174 0091 02       		.byte	2
 175 0092 02       		.byte	2
 176 0093 01       		.byte	1
 177 0094 03       		.byte	3
 178 0095 23       		.byte	35
 179 0096 04       		.byte	4
 180 0097 0C       		.byte	12
 181 0098 05       		.byte	5
 182 0099 18       		.byte	24
 183 009a 06       		.byte	6
 184 009b 02       		.byte	2
 185 009c 09       		.byte	9
 186 009d 08       		.byte	8
 187 009e 10       		.byte	16
 188 009f 0C       		.byte	12
 189 00a0 12       		.byte	18
 190 00a1 02       		.byte	2
 191 00a2 13       		.byte	19
 192 00a3 04       		.byte	4
 193 00a4 14       		.byte	20
 194 00a5 0E       		.byte	14
 195 00a6 15       		.byte	21
 196 00a7 27       		.byte	39
 197 00a8 17       		.byte	23
 198 00a9 18       		.byte	24
 199 00aa 18       		.byte	24
 200 00ab 04       		.byte	4
 201 00ac 19       		.byte	25
 202 00ad 3C       		.byte	60
 203 00ae 1B       		.byte	27
 204 00af 02       		.byte	2
 205 00b0 1D       		.byte	29
 206 00b1 10       		.byte	16
 207 00b2 1E       		.byte	30
 208 00b3 02       		.byte	2
 209 00b4 20       		.byte	32
 210 00b5 08       		.byte	8
 211 00b6 21       		.byte	33
 212 00b7 04       		.byte	4
 213 00b8 24       		.byte	36
 214 00b9 02       		.byte	2
 215 00ba 25       		.byte	37
 216 00bb 40       		.byte	64
 217 00bc 26       		.byte	38
 218 00bd 0C       		.byte	12
 219 00be 28       		.byte	40
 220 00bf 0C       		.byte	12
 221 00c0 29       		.byte	41
 222 00c1 3F       		.byte	63
 223 00c2 2D       		.byte	45
 224 00c3 1C       		.byte	28
 225 00c4 2F       		.byte	47
 226 00c5 21       		.byte	33
 227 00c6 30       		.byte	48
 228 00c7 0E       		.byte	14
ARM GAS  C:\Users\VINODK~1\AppData\Local\Temp\ccSTgvqf.s 			page 5


 229 00c8 31       		.byte	49
 230 00c9 38       		.byte	56
 231 00ca 33       		.byte	51
 232 00cb 40       		.byte	64
 233 00cc 35       		.byte	53
 234 00cd 1F       		.byte	31
 235 00ce 36       		.byte	54
 236 00cf 01       		.byte	1
 237 00d0 3A       		.byte	58
 238 00d1 02       		.byte	2
 239 00d2 3B       		.byte	59
 240 00d3 20       		.byte	32
 241 00d4 3F       		.byte	63
 242 00d5 04       		.byte	4
 243 00d6 56       		.byte	86
 244 00d7 02       		.byte	2
 245 00d8 57       		.byte	87
 246 00d9 11       		.byte	17
 247 00da 58       		.byte	88
 248 00db 04       		.byte	4
 249 00dc 59       		.byte	89
 250 00dd 04       		.byte	4
 251 00de 5B       		.byte	91
 252 00df 04       		.byte	4
 253 00e0 5C       		.byte	92
 254 00e1 11       		.byte	17
 255 00e2 5D       		.byte	93
 256 00e3 10       		.byte	16
 257 00e4 5F       		.byte	95
 258 00e5 01       		.byte	1
 259 00e6 81       		.byte	-127
 260 00e7 02       		.byte	2
 261 00e8 83       		.byte	-125
 262 00e9 0C       		.byte	12
 263 00ea 85       		.byte	-123
 264 00eb 02       		.byte	2
 265 00ec 87       		.byte	-121
 266 00ed 1C       		.byte	28
 267 00ee 89       		.byte	-119
 268 00ef 01       		.byte	1
 269 00f0 8F       		.byte	-113
 270 00f1 10       		.byte	16
 271 00f2 91       		.byte	-111
 272 00f3 18       		.byte	24
 273 00f4 93       		.byte	-109
 274 00f5 06       		.byte	6
 275 00f6 99       		.byte	-103
 276 00f7 01       		.byte	1
 277 00f8 A3       		.byte	-93
 278 00f9 18       		.byte	24
 279 00fa A5       		.byte	-91
 280 00fb 01       		.byte	1
 281 00fc AB       		.byte	-85
 282 00fd 06       		.byte	6
 283 00fe AD       		.byte	-83
 284 00ff 01       		.byte	1
 285 0100 B3       		.byte	-77
ARM GAS  C:\Users\VINODK~1\AppData\Local\Temp\ccSTgvqf.s 			page 6


 286 0101 01       		.byte	1
 287 0102 B7       		.byte	-73
 288 0103 1E       		.byte	30
 289 0104 BB       		.byte	-69
 290 0105 80       		.byte	-128
 291 0106 BF       		.byte	-65
 292 0107 04       		.byte	4
 293 0108 C0       		.byte	-64
 294 0109 03       		.byte	3
 295 010a C6       		.byte	-58
 296 010b 04       		.byte	4
 297 010c C9       		.byte	-55
 298 010d FF       		.byte	-1
 299 010e CA       		.byte	-54
 300 010f 07       		.byte	7
 301 0110 CB       		.byte	-53
 302 0111 FF       		.byte	-1
 303 0112 CC       		.byte	-52
 304 0113 40       		.byte	64
 305 0114 CD       		.byte	-51
 306 0115 20       		.byte	32
 307 0116 CE       		.byte	-50
 308 0117 F0       		.byte	-16
 309 0118 CF       		.byte	-49
 310 0119 05       		.byte	5
 311 011a D0       		.byte	-48
 312 011b 08       		.byte	8
 313 011c D9       		.byte	-39
 314 011d 04       		.byte	4
 315 011e DA       		.byte	-38
 316 011f 04       		.byte	4
 317 0120 DC       		.byte	-36
 318 0121 10       		.byte	16
 319 0122 DD       		.byte	-35
 320 0123 01       		.byte	1
 321 0124 DF       		.byte	-33
 322 0125 01       		.byte	1
 323 0126 E0       		.byte	-32
 324 0127 40       		.byte	64
 325 0128 E1       		.byte	-31
 326 0129 A8       		.byte	-88
 327 012a E2       		.byte	-30
 328 012b 40       		.byte	64
 329 012c E3       		.byte	-29
 330 012d 20       		.byte	32
 331 012e 01       		.byte	1
 332 012f 02       		.byte	2
 333 0130 02       		.byte	2
 334 0131 20       		.byte	32
 335 0132 08       		.byte	8
 336 0133 80       		.byte	-128
 337 0134 0A       		.byte	10
 338 0135 50       		.byte	80
 339 0136 0B       		.byte	11
 340 0137 06       		.byte	6
 341 0138 10       		.byte	16
 342 0139 90       		.byte	-112
ARM GAS  C:\Users\VINODK~1\AppData\Local\Temp\ccSTgvqf.s 			page 7


 343 013a 13       		.byte	19
 344 013b 20       		.byte	32
 345 013c 1A       		.byte	26
 346 013d 42       		.byte	66
 347 013e 1B       		.byte	27
 348 013f 01       		.byte	1
 349 0140 21       		.byte	33
 350 0141 01       		.byte	1
 351 0142 22       		.byte	34
 352 0143 24       		.byte	36
 353 0144 27       		.byte	39
 354 0145 11       		.byte	17
 355 0146 29       		.byte	41
 356 0147 06       		.byte	6
 357 0148 2A       		.byte	42
 358 0149 20       		.byte	32
 359 014a 2B       		.byte	43
 360 014b 01       		.byte	1
 361 014c 2C       		.byte	44
 362 014d 10       		.byte	16
 363 014e 2E       		.byte	46
 364 014f 44       		.byte	68
 365 0150 2F       		.byte	47
 366 0151 88       		.byte	-120
 367 0152 30       		.byte	48
 368 0153 84       		.byte	-124
 369 0154 32       		.byte	50
 370 0155 21       		.byte	33
 371 0156 36       		.byte	54
 372 0157 20       		.byte	32
 373 0158 37       		.byte	55
 374 0159 01       		.byte	1
 375 015a 38       		.byte	56
 376 015b 28       		.byte	40
 377 015c 3B       		.byte	59
 378 015d 02       		.byte	2
 379 015e 3D       		.byte	61
 380 015f 28       		.byte	40
 381 0160 3E       		.byte	62
 382 0161 B0       		.byte	-80
 383 0162 3F       		.byte	63
 384 0163 01       		.byte	1
 385 0164 47       		.byte	71
 386 0165 08       		.byte	8
 387 0166 56       		.byte	86
 388 0167 80       		.byte	-128
 389 0168 57       		.byte	87
 390 0169 08       		.byte	8
 391 016a 58       		.byte	88
 392 016b 04       		.byte	4
 393 016c 5A       		.byte	90
 394 016d 04       		.byte	4
 395 016e 5B       		.byte	91
 396 016f 10       		.byte	16
 397 0170 68       		.byte	104
 398 0171 08       		.byte	8
 399 0172 69       		.byte	105
ARM GAS  C:\Users\VINODK~1\AppData\Local\Temp\ccSTgvqf.s 			page 8


 400 0173 04       		.byte	4
 401 0174 6A       		.byte	106
 402 0175 80       		.byte	-128
 403 0176 70       		.byte	112
 404 0177 94       		.byte	-108
 405 0178 71       		.byte	113
 406 0179 08       		.byte	8
 407 017a 73       		.byte	115
 408 017b 24       		.byte	36
 409 017c 92       		.byte	-110
 410 017d 04       		.byte	4
 411 017e 93       		.byte	-109
 412 017f 01       		.byte	1
 413 0180 95       		.byte	-107
 414 0181 06       		.byte	6
 415 0182 96       		.byte	-106
 416 0183 C8       		.byte	-56
 417 0184 97       		.byte	-105
 418 0185 04       		.byte	4
 419 0186 98       		.byte	-104
 420 0187 80       		.byte	-128
 421 0188 99       		.byte	-103
 422 0189 06       		.byte	6
 423 018a 9B       		.byte	-101
 424 018b 08       		.byte	8
 425 018c 9E       		.byte	-98
 426 018d 80       		.byte	-128
 427 018e 9F       		.byte	-97
 428 018f 01       		.byte	1
 429 0190 A1       		.byte	-95
 430 0191 14       		.byte	20
 431 0192 A3       		.byte	-93
 432 0193 80       		.byte	-128
 433 0194 A4       		.byte	-92
 434 0195 88       		.byte	-120
 435 0196 A5       		.byte	-91
 436 0197 08       		.byte	8
 437 0198 A6       		.byte	-90
 438 0199 20       		.byte	32
 439 019a A7       		.byte	-89
 440 019b 09       		.byte	9
 441 019c B5       		.byte	-75
 442 019d 02       		.byte	2
 443 019e C0       		.byte	-64
 444 019f 0C       		.byte	12
 445 01a0 C2       		.byte	-62
 446 01a1 0F       		.byte	15
 447 01a2 C4       		.byte	-60
 448 01a3 0E       		.byte	14
 449 01a4 CA       		.byte	-54
 450 01a5 FF       		.byte	-1
 451 01a6 CC       		.byte	-52
 452 01a7 AF       		.byte	-81
 453 01a8 CE       		.byte	-50
 454 01a9 F7       		.byte	-9
 455 01aa D0       		.byte	-48
 456 01ab 40       		.byte	64
ARM GAS  C:\Users\VINODK~1\AppData\Local\Temp\ccSTgvqf.s 			page 9


 457 01ac D6       		.byte	-42
 458 01ad 04       		.byte	4
 459 01ae 03       		.byte	3
 460 01af 05       		.byte	5
 461 01b0 11       		.byte	17
 462 01b1 06       		.byte	6
 463 01b2 13       		.byte	19
 464 01b3 01       		.byte	1
 465 01b4 17       		.byte	23
 466 01b5 03       		.byte	3
 467 01b6 23       		.byte	35
 468 01b7 06       		.byte	6
 469 01b8 2B       		.byte	43
 470 01b9 01       		.byte	1
 471 01ba 2F       		.byte	47
 472 01bb 02       		.byte	2
 473 01bc 33       		.byte	51
 474 01bd 07       		.byte	7
 475 01be 3B       		.byte	59
 476 01bf 28       		.byte	40
 477 01c0 59       		.byte	89
 478 01c1 04       		.byte	4
 479 01c2 5C       		.byte	92
 480 01c3 10       		.byte	16
 481 01c4 5F       		.byte	95
 482 01c5 01       		.byte	1
 483 01c6 00       		.byte	0
 484 01c7 04       		.byte	4
 485 01c8 01       		.byte	1
 486 01c9 22       		.byte	34
 487 01ca 03       		.byte	3
 488 01cb 02       		.byte	2
 489 01cc 08       		.byte	8
 490 01cd 80       		.byte	-128
 491 01ce 09       		.byte	9
 492 01cf 08       		.byte	8
 493 01d0 0A       		.byte	10
 494 01d1 40       		.byte	64
 495 01d2 0B       		.byte	11
 496 01d3 04       		.byte	4
 497 01d4 10       		.byte	16
 498 01d5 80       		.byte	-128
 499 01d6 11       		.byte	17
 500 01d7 30       		.byte	48
 501 01d8 12       		.byte	18
 502 01d9 20       		.byte	32
 503 01da 18       		.byte	24
 504 01db 05       		.byte	5
 505 01dc 19       		.byte	25
 506 01dd 11       		.byte	17
 507 01de 1A       		.byte	26
 508 01df 04       		.byte	4
 509 01e0 21       		.byte	33
 510 01e1 64       		.byte	100
 511 01e2 23       		.byte	35
 512 01e3 01       		.byte	1
 513 01e4 25       		.byte	37
ARM GAS  C:\Users\VINODK~1\AppData\Local\Temp\ccSTgvqf.s 			page 10


 514 01e5 14       		.byte	20
 515 01e6 26       		.byte	38
 516 01e7 04       		.byte	4
 517 01e8 27       		.byte	39
 518 01e9 14       		.byte	20
 519 01ea 29       		.byte	41
 520 01eb 10       		.byte	16
 521 01ec 2A       		.byte	42
 522 01ed 04       		.byte	4
 523 01ee 2B       		.byte	43
 524 01ef 81       		.byte	-127
 525 01f0 2E       		.byte	46
 526 01f1 80       		.byte	-128
 527 01f2 2F       		.byte	47
 528 01f3 88       		.byte	-120
 529 01f4 32       		.byte	50
 530 01f5 A0       		.byte	-96
 531 01f6 33       		.byte	51
 532 01f7 09       		.byte	9
 533 01f8 36       		.byte	54
 534 01f9 04       		.byte	4
 535 01fa 37       		.byte	55
 536 01fb 01       		.byte	1
 537 01fc 39       		.byte	57
 538 01fd 98       		.byte	-104
 539 01fe 3B       		.byte	59
 540 01ff 02       		.byte	2
 541 0200 3F       		.byte	63
 542 0201 01       		.byte	1
 543 0202 40       		.byte	64
 544 0203 01       		.byte	1
 545 0204 41       		.byte	65
 546 0205 01       		.byte	1
 547 0206 42       		.byte	66
 548 0207 04       		.byte	4
 549 0208 43       		.byte	67
 550 0209 04       		.byte	4
 551 020a 48       		.byte	72
 552 020b 04       		.byte	4
 553 020c 4B       		.byte	75
 554 020d 02       		.byte	2
 555 020e 50       		.byte	80
 556 020f 10       		.byte	16
 557 0210 59       		.byte	89
 558 0211 01       		.byte	1
 559 0212 61       		.byte	97
 560 0213 20       		.byte	32
 561 0214 62       		.byte	98
 562 0215 40       		.byte	64
 563 0216 63       		.byte	99
 564 0217 40       		.byte	64
 565 0218 82       		.byte	-126
 566 0219 84       		.byte	-124
 567 021a 87       		.byte	-121
 568 021b 40       		.byte	64
 569 021c 88       		.byte	-120
 570 021d 84       		.byte	-124
ARM GAS  C:\Users\VINODK~1\AppData\Local\Temp\ccSTgvqf.s 			page 11


 571 021e 94       		.byte	-108
 572 021f 20       		.byte	32
 573 0220 95       		.byte	-107
 574 0221 06       		.byte	6
 575 0222 96       		.byte	-106
 576 0223 88       		.byte	-120
 577 0224 97       		.byte	-105
 578 0225 01       		.byte	1
 579 0226 99       		.byte	-103
 580 0227 24       		.byte	36
 581 0228 9A       		.byte	-102
 582 0229 44       		.byte	68
 583 022a 9B       		.byte	-101
 584 022b 08       		.byte	8
 585 022c 9D       		.byte	-99
 586 022d 02       		.byte	2
 587 022e 9E       		.byte	-98
 588 022f 80       		.byte	-128
 589 0230 9F       		.byte	-97
 590 0231 11       		.byte	17
 591 0232 A0       		.byte	-96
 592 0233 04       		.byte	4
 593 0234 A3       		.byte	-93
 594 0235 82       		.byte	-126
 595 0236 A4       		.byte	-92
 596 0237 08       		.byte	8
 597 0238 A7       		.byte	-89
 598 0239 08       		.byte	8
 599 023a A8       		.byte	-88
 600 023b 02       		.byte	2
 601 023c A9       		.byte	-87
 602 023d 04       		.byte	4
 603 023e AF       		.byte	-81
 604 023f 20       		.byte	32
 605 0240 B1       		.byte	-79
 606 0241 84       		.byte	-124
 607 0242 C0       		.byte	-64
 608 0243 0F       		.byte	15
 609 0244 C2       		.byte	-62
 610 0245 0F       		.byte	15
 611 0246 C4       		.byte	-60
 612 0247 0E       		.byte	14
 613 0248 CA       		.byte	-54
 614 0249 BF       		.byte	-65
 615 024a CC       		.byte	-52
 616 024b CF       		.byte	-49
 617 024c CE       		.byte	-50
 618 024d 8F       		.byte	-113
 619 024e D0       		.byte	-48
 620 024f 0F       		.byte	15
 621 0250 D2       		.byte	-46
 622 0251 04       		.byte	4
 623 0252 D6       		.byte	-42
 624 0253 01       		.byte	1
 625 0254 D8       		.byte	-40
 626 0255 0D       		.byte	13
 627 0256 EC       		.byte	-20
ARM GAS  C:\Users\VINODK~1\AppData\Local\Temp\ccSTgvqf.s 			page 12


 628 0257 08       		.byte	8
 629 0258 00       		.byte	0
 630 0259 09       		.byte	9
 631 025a 02       		.byte	2
 632 025b 06       		.byte	6
 633 025c 03       		.byte	3
 634 025d 01       		.byte	1
 635 025e 04       		.byte	4
 636 025f 20       		.byte	32
 637 0260 05       		.byte	5
 638 0261 04       		.byte	4
 639 0262 08       		.byte	8
 640 0263 04       		.byte	4
 641 0264 0A       		.byte	10
 642 0265 18       		.byte	24
 643 0266 0B       		.byte	11
 644 0267 01       		.byte	1
 645 0268 0C       		.byte	12
 646 0269 12       		.byte	18
 647 026a 0E       		.byte	14
 648 026b 05       		.byte	5
 649 026c 12       		.byte	18
 650 026d 20       		.byte	32
 651 026e 14       		.byte	20
 652 026f 40       		.byte	64
 653 0270 15       		.byte	21
 654 0271 04       		.byte	4
 655 0272 19       		.byte	25
 656 0273 02       		.byte	2
 657 0274 1C       		.byte	28
 658 0275 20       		.byte	32
 659 0276 1D       		.byte	29
 660 0277 04       		.byte	4
 661 0278 21       		.byte	33
 662 0279 02       		.byte	2
 663 027a 24       		.byte	36
 664 027b 1F       		.byte	31
 665 027c 27       		.byte	39
 666 027d 02       		.byte	2
 667 027e 28       		.byte	40
 668 027f 1F       		.byte	31
 669 0280 2B       		.byte	43
 670 0281 02       		.byte	2
 671 0282 2F       		.byte	47
 672 0283 02       		.byte	2
 673 0284 30       		.byte	48
 674 0285 03       		.byte	3
 675 0286 31       		.byte	49
 676 0287 01       		.byte	1
 677 0288 33       		.byte	51
 678 0289 02       		.byte	2
 679 028a 34       		.byte	52
 680 028b 1C       		.byte	28
 681 028c 35       		.byte	53
 682 028d 04       		.byte	4
 683 028e 36       		.byte	54
 684 028f 60       		.byte	96
ARM GAS  C:\Users\VINODK~1\AppData\Local\Temp\ccSTgvqf.s 			page 13


 685 0290 38       		.byte	56
 686 0291 80       		.byte	-128
 687 0292 3F       		.byte	63
 688 0293 05       		.byte	5
 689 0294 40       		.byte	64
 690 0295 13       		.byte	19
 691 0296 41       		.byte	65
 692 0297 02       		.byte	2
 693 0298 45       		.byte	69
 694 0299 0E       		.byte	14
 695 029a 46       		.byte	70
 696 029b 0B       		.byte	11
 697 029c 47       		.byte	71
 698 029d 0C       		.byte	12
 699 029e 48       		.byte	72
 700 029f 15       		.byte	21
 701 02a0 49       		.byte	73
 702 02a1 FF       		.byte	-1
 703 02a2 4A       		.byte	74
 704 02a3 FF       		.byte	-1
 705 02a4 4B       		.byte	75
 706 02a5 FF       		.byte	-1
 707 02a6 4E       		.byte	78
 708 02a7 F0       		.byte	-16
 709 02a8 4F       		.byte	79
 710 02a9 44       		.byte	68
 711 02aa 50       		.byte	80
 712 02ab 0C       		.byte	12
 713 02ac 54       		.byte	84
 714 02ad 01       		.byte	1
 715 02ae 58       		.byte	88
 716 02af 04       		.byte	4
 717 02b0 59       		.byte	89
 718 02b1 04       		.byte	4
 719 02b2 5A       		.byte	90
 720 02b3 04       		.byte	4
 721 02b4 5B       		.byte	91
 722 02b5 04       		.byte	4
 723 02b6 5C       		.byte	92
 724 02b7 11       		.byte	17
 725 02b8 5D       		.byte	93
 726 02b9 11       		.byte	17
 727 02ba 5F       		.byte	95
 728 02bb 01       		.byte	1
 729 02bc 66       		.byte	102
 730 02bd C0       		.byte	-64
 731 02be 6A       		.byte	106
 732 02bf 40       		.byte	64
 733 02c0 6B       		.byte	107
 734 02c1 02       		.byte	2
 735 02c2 80       		.byte	-128
 736 02c3 20       		.byte	32
 737 02c4 81       		.byte	-127
 738 02c5 03       		.byte	3
 739 02c6 8C       		.byte	-116
 740 02c7 20       		.byte	32
 741 02c8 8E       		.byte	-114
ARM GAS  C:\Users\VINODK~1\AppData\Local\Temp\ccSTgvqf.s 			page 14


 742 02c9 18       		.byte	24
 743 02ca 90       		.byte	-112
 744 02cb 01       		.byte	1
 745 02cc 91       		.byte	-111
 746 02cd 02       		.byte	2
 747 02ce 92       		.byte	-110
 748 02cf 06       		.byte	6
 749 02d0 99       		.byte	-103
 750 02d1 03       		.byte	3
 751 02d2 9C       		.byte	-100
 752 02d3 12       		.byte	18
 753 02d4 9E       		.byte	-98
 754 02d5 20       		.byte	32
 755 02d6 A0       		.byte	-96
 756 02d7 38       		.byte	56
 757 02d8 A2       		.byte	-94
 758 02d9 04       		.byte	4
 759 02da A8       		.byte	-88
 760 02db 18       		.byte	24
 761 02dc AA       		.byte	-86
 762 02dd 22       		.byte	34
 763 02de AB       		.byte	-85
 764 02df 01       		.byte	1
 765 02e0 AC       		.byte	-84
 766 02e1 28       		.byte	40
 767 02e2 B0       		.byte	-80
 768 02e3 3E       		.byte	62
 769 02e4 B4       		.byte	-76
 770 02e5 01       		.byte	1
 771 02e6 B5       		.byte	-75
 772 02e7 03       		.byte	3
 773 02e8 B9       		.byte	-71
 774 02e9 20       		.byte	32
 775 02ea BE       		.byte	-66
 776 02eb 10       		.byte	16
 777 02ec BF       		.byte	-65
 778 02ed 10       		.byte	16
 779 02ee D8       		.byte	-40
 780 02ef 04       		.byte	4
 781 02f0 D9       		.byte	-39
 782 02f1 04       		.byte	4
 783 02f2 DC       		.byte	-36
 784 02f3 01       		.byte	1
 785 02f4 DF       		.byte	-33
 786 02f5 01       		.byte	1
 787 02f6 01       		.byte	1
 788 02f7 22       		.byte	34
 789 02f8 03       		.byte	3
 790 02f9 12       		.byte	18
 791 02fa 06       		.byte	6
 792 02fb 82       		.byte	-126
 793 02fc 08       		.byte	8
 794 02fd 05       		.byte	5
 795 02fe 0B       		.byte	11
 796 02ff 01       		.byte	1
 797 0300 0E       		.byte	14
 798 0301 81       		.byte	-127
ARM GAS  C:\Users\VINODK~1\AppData\Local\Temp\ccSTgvqf.s 			page 15


 799 0302 10       		.byte	16
 800 0303 08       		.byte	8
 801 0304 11       		.byte	17
 802 0305 04       		.byte	4
 803 0306 15       		.byte	21
 804 0307 80       		.byte	-128
 805 0308 17       		.byte	23
 806 0309 11       		.byte	17
 807 030a 19       		.byte	25
 808 030b 20       		.byte	32
 809 030c 1A       		.byte	26
 810 030d 01       		.byte	1
 811 030e 1B       		.byte	27
 812 030f 82       		.byte	-126
 813 0310 1E       		.byte	30
 814 0311 80       		.byte	-128
 815 0312 1F       		.byte	31
 816 0313 20       		.byte	32
 817 0314 20       		.byte	32
 818 0315 08       		.byte	8
 819 0316 21       		.byte	33
 820 0317 04       		.byte	4
 821 0318 23       		.byte	35
 822 0319 40       		.byte	64
 823 031a 27       		.byte	39
 824 031b 08       		.byte	8
 825 031c 28       		.byte	40
 826 031d 11       		.byte	17
 827 031e 2A       		.byte	42
 828 031f 06       		.byte	6
 829 0320 2B       		.byte	43
 830 0321 08       		.byte	8
 831 0322 2C       		.byte	44
 832 0323 04       		.byte	4
 833 0324 2F       		.byte	47
 834 0325 08       		.byte	8
 835 0326 30       		.byte	48
 836 0327 08       		.byte	8
 837 0328 32       		.byte	50
 838 0329 40       		.byte	64
 839 032a 33       		.byte	51
 840 032b 10       		.byte	16
 841 032c 34       		.byte	52
 842 032d 01       		.byte	1
 843 032e 37       		.byte	55
 844 032f 11       		.byte	17
 845 0330 38       		.byte	56
 846 0331 20       		.byte	32
 847 0332 39       		.byte	57
 848 0333 06       		.byte	6
 849 0334 3A       		.byte	58
 850 0335 40       		.byte	64
 851 0336 3B       		.byte	59
 852 0337 40       		.byte	64
 853 0338 3E       		.byte	62
 854 0339 02       		.byte	2
 855 033a 3F       		.byte	63
ARM GAS  C:\Users\VINODK~1\AppData\Local\Temp\ccSTgvqf.s 			page 16


 856 033b 01       		.byte	1
 857 033c 42       		.byte	66
 858 033d 02       		.byte	2
 859 033e 43       		.byte	67
 860 033f 18       		.byte	24
 861 0340 49       		.byte	73
 862 0341 04       		.byte	4
 863 0342 51       		.byte	81
 864 0343 40       		.byte	64
 865 0344 52       		.byte	82
 866 0345 04       		.byte	4
 867 0346 58       		.byte	88
 868 0347 12       		.byte	18
 869 0348 59       		.byte	89
 870 0349 80       		.byte	-128
 871 034a 5A       		.byte	90
 872 034b 08       		.byte	8
 873 034c C0       		.byte	-64
 874 034d 9F       		.byte	-97
 875 034e C2       		.byte	-62
 876 034f 9D       		.byte	-99
 877 0350 C4       		.byte	-60
 878 0351 D6       		.byte	-42
 879 0352 CA       		.byte	-54
 880 0353 2F       		.byte	47
 881 0354 CC       		.byte	-52
 882 0355 AE       		.byte	-82
 883 0356 CE       		.byte	-50
 884 0357 87       		.byte	-121
 885 0358 D0       		.byte	-48
 886 0359 0E       		.byte	14
 887 035a D6       		.byte	-42
 888 035b 0F       		.byte	15
 889 035c E0       		.byte	-32
 890 035d 40       		.byte	64
 891 035e B4       		.byte	-76
 892 035f 40       		.byte	64
 893 0360 33       		.byte	51
 894 0361 80       		.byte	-128
 895 0362 36       		.byte	54
 896 0363 20       		.byte	32
 897 0364 3C       		.byte	60
 898 0365 40       		.byte	64
 899 0366 8C       		.byte	-116
 900 0367 40       		.byte	64
 901 0368 CC       		.byte	-52
 902 0369 30       		.byte	48
 903 036a CE       		.byte	-50
 904 036b 20       		.byte	32
 905 036c 86       		.byte	-122
 906 036d 20       		.byte	32
 907 036e 94       		.byte	-108
 908 036f 40       		.byte	64
 909 0370 A6       		.byte	-90
 910 0371 20       		.byte	32
 911 0372 A7       		.byte	-89
 912 0373 80       		.byte	-128
ARM GAS  C:\Users\VINODK~1\AppData\Local\Temp\ccSTgvqf.s 			page 17


 913 0374 E6       		.byte	-26
 914 0375 40       		.byte	64
 915 0376 94       		.byte	-108
 916 0377 40       		.byte	64
 917 0378 A7       		.byte	-89
 918 0379 80       		.byte	-128
 919 037a 11       		.byte	17
 920 037b 40       		.byte	64
 921 037c 85       		.byte	-123
 922 037d 40       		.byte	64
 923 037e 94       		.byte	-108
 924 037f 40       		.byte	64
 925 0380 A7       		.byte	-89
 926 0381 80       		.byte	-128
 927 0382 C4       		.byte	-60
 928 0383 40       		.byte	64
 929 0384 E0       		.byte	-32
 930 0385 40       		.byte	64
 931 0386 33       		.byte	51
 932 0387 80       		.byte	-128
 933 0388 7C       		.byte	124
 934 0389 20       		.byte	32
 935 038a 8F       		.byte	-113
 936 038b 80       		.byte	-128
 937 038c CC       		.byte	-52
 938 038d 08       		.byte	8
 939 038e DE       		.byte	-34
 940 038f 01       		.byte	1
 941 0390 E0       		.byte	-32
 942 0391 02       		.byte	2
 943 0392 01       		.byte	1
 944 0393 08       		.byte	8
 945 0394 56       		.byte	86
 946 0395 02       		.byte	2
 947 0396 9A       		.byte	-102
 948 0397 02       		.byte	2
 949 0398 9C       		.byte	-100
 950 0399 20       		.byte	32
 951 039a AE       		.byte	-82
 952 039b 02       		.byte	2
 953 039c C0       		.byte	-64
 954 039d 08       		.byte	8
 955 039e D6       		.byte	-42
 956 039f 04       		.byte	4
 957 03a0 45       		.byte	69
 958 03a1 02       		.byte	2
 959 03a2 9C       		.byte	-100
 960 03a3 20       		.byte	32
 961 03a4 B5       		.byte	-75
 962 03a5 08       		.byte	8
 963 03a6 D0       		.byte	-48
 964 03a7 01       		.byte	1
 965 03a8 EA       		.byte	-22
 966 03a9 02       		.byte	2
 967 03aa 85       		.byte	-123
 968 03ab 02       		.byte	2
 969 03ac 9C       		.byte	-100
ARM GAS  C:\Users\VINODK~1\AppData\Local\Temp\ccSTgvqf.s 			page 18


 970 03ad 20       		.byte	32
 971 03ae A5       		.byte	-91
 972 03af 02       		.byte	2
 973 03b0 24       		.byte	36
 974 03b1 40       		.byte	64
 975 03b2 25       		.byte	37
 976 03b3 40       		.byte	64
 977 03b4 94       		.byte	-108
 978 03b5 40       		.byte	64
 979 03b6 A5       		.byte	-91
 980 03b7 40       		.byte	64
 981 03b8 A9       		.byte	-87
 982 03b9 40       		.byte	64
 983 03ba AB       		.byte	-85
 984 03bb 80       		.byte	-128
 985 03bc C8       		.byte	-56
 986 03bd A0       		.byte	-96
 987 03be B4       		.byte	-76
 988 03bf 20       		.byte	32
 989 03c0 E8       		.byte	-24
 990 03c1 02       		.byte	2
 991 03c2 00       		.byte	0
 992 03c3 02       		.byte	2
 993 03c4 0C       		.byte	12
 994 03c5 02       		.byte	2
 995 03c6 0E       		.byte	14
 996 03c7 02       		.byte	2
 997 03c8 00       		.byte	0
 998 03c9 0E       		.byte	14
 999 03ca 10       		.byte	16
 1000 03cb 02       		.byte	2
 1001 03cc 11       		.byte	17
 1002 03cd 00       		.byte	0
 1003 03ce 80       		.byte	-128
 1004 03cf 02       		.byte	2
 1005 03d0 33       		.byte	51
 1006 03d1 00       		.byte	0
 1007 03d2 0C       		.byte	12
 1008 03d3 02       		.byte	2
 1009 03d4 33       		.byte	51
 1010 03d5 01       		.byte	1
 1011 03d6 40       		.byte	64
 1012 03d7 00       		.byte	0
 1013 03d8 22       		.byte	34
 1014 03d9 0C       		.byte	12
 1015 03da 80       		.byte	-128
 1016 03db 30       		.byte	48
 1017 03dc 0F       		.byte	15
 1018 03dd 28       		.byte	40
 1019 03de 30       		.byte	48
 1020 03df 10       		.byte	16
 1021 03e0 0C       		.byte	12
 1022 03e1 00       		.byte	0
 1023 03e2 00       		.byte	0
 1024 03e3 14       		.byte	20
 1025 03e4 04       		.byte	4
 1026 03e5 00       		.byte	0
ARM GAS  C:\Users\VINODK~1\AppData\Local\Temp\ccSTgvqf.s 			page 19


 1027 03e6 00       		.byte	0
 1028 03e7 01       		.byte	1
 1029 03e8 00       		.byte	0
 1030 03e9 0C       		.byte	12
 1031 03ea 33       		.byte	51
 1032 03eb 10       		.byte	16
 1033 03ec 08       		.byte	8
 1034 03ed 00       		.byte	0
 1035 03ee 00       		.byte	0
 1036 03ef 20       		.byte	32
 1037 03f0 0C       		.byte	12
 1038 03f1 0C       		.byte	12
 1039 03f2 33       		.byte	51
 1040 03f3 10       		.byte	16
 1041 03f4 3F       		.byte	63
 1042 03f5 01       		.byte	1
 1043 03f6 00       		.byte	0
 1044 03f7 00       		.byte	0
 1045 03f8 00       		.byte	0
 1046 03f9 00       		.byte	0
 1047 03fa 00       		.byte	0
 1048 03fb 01       		.byte	1
 1049 03fc 30       		.byte	48
 1050 03fd 00       		.byte	0
 1051 03fe 00       		.byte	0
 1052 03ff 01       		.byte	1
 1053 0400 0F       		.byte	15
 1054 0401 02       		.byte	2
 1055 0402 C0       		.byte	-64
 1056 0403 3C       		.byte	60
 1057 0404 00       		.byte	0
 1058 0405 08       		.byte	8
 1059 0406 20       		.byte	32
 1060 0407 80       		.byte	-128
 1061 0408 00       		.byte	0
 1062 0409 00       		.byte	0
 1063 040a 40       		.byte	64
 1064 040b 10       		.byte	16
 1065 040c 26       		.byte	38
 1066 040d 03       		.byte	3
 1067 040e 04       		.byte	4
 1068 040f 00       		.byte	0
 1069 0410 01       		.byte	1
 1070 0411 E0       		.byte	-32
 1071 0412 C0       		.byte	-64
 1072 0413 00       		.byte	0
 1073 0414 0A       		.byte	10
 1074 0415 FF       		.byte	-1
 1075 0416 FF       		.byte	-1
 1076 0417 FF       		.byte	-1
 1077 0418 62       		.byte	98
 1078 0419 A0       		.byte	-96
 1079 041a F0       		.byte	-16
 1080 041b 41       		.byte	65
 1081 041c 0C       		.byte	12
 1082 041d 00       		.byte	0
 1083 041e 00       		.byte	0
ARM GAS  C:\Users\VINODK~1\AppData\Local\Temp\ccSTgvqf.s 			page 20


 1084 041f 00       		.byte	0
 1085 0420 18       		.byte	24
 1086 0421 00       		.byte	0
 1087 0422 04       		.byte	4
 1088 0423 00       		.byte	0
 1089 0424 04       		.byte	4
 1090 0425 04       		.byte	4
 1091 0426 04       		.byte	4
 1092 0427 04       		.byte	4
 1093 0428 11       		.byte	17
 1094 0429 11       		.byte	17
 1095 042a 00       		.byte	0
 1096 042b 01       		.byte	1
 1097 042c 00       		.byte	0
 1098 042d 00       		.byte	0
 1099 042e 00       		.byte	0
 1100 042f 00       		.byte	0
 1101 0430 00       		.byte	0
 1102 0431 00       		.byte	0
 1103 0432 40       		.byte	64
 1104 0433 02       		.byte	2
 1105 0434 00       		.byte	0
 1106 0435 10       		.byte	16
 1107 0436 30       		.byte	48
 1108 0437 10       		.byte	16
 1109 0438 00       		.byte	0
 1110 0439 10       		.byte	16
 1111 043a 10       		.byte	16
 1112 043b 12       		.byte	18
 1113 043c 00       		.byte	0
 1114 043d 00       		.byte	0
 1115 043e 00       		.byte	0
 1116 043f 00       		.byte	0
 1117 0440 00       		.byte	0
 1118 0441 00       		.byte	0
 1119 0442 00       		.byte	0
 1120 0443 00       		.byte	0
 1121 0444 00       		.byte	0
 1122 0445 00       		.byte	0
 1123 0446 00       		.byte	0
 1124 0447 00       		.byte	0
 1125 0448 00       		.byte	0
 1126 0449 00       		.byte	0
 1127 044a 00       		.byte	0
 1128 044b 00       		.byte	0
 1129 044c 00       		.byte	0
 1130 044d 00       		.byte	0
 1131 044e 00       		.byte	0
 1132 044f 00       		.byte	0
 1133 0450 00       		.byte	0
 1134 0451 00       		.byte	0
 1135 0452 30       		.byte	48
 1136 0453 00       		.byte	0
 1137 0454 00       		.byte	0
 1138 0455 0B       		.byte	11
 1139 0456 0B       		.byte	11
 1140 0457 00       		.byte	0
ARM GAS  C:\Users\VINODK~1\AppData\Local\Temp\ccSTgvqf.s 			page 21


 1141 0458 00       		.byte	0
 1142 0459 00       		.byte	0
 1143 045a 00       		.byte	0
 1144 045b 00       		.byte	0
 1145 045c 12       		.byte	18
 1146 045d 00       		.byte	0
 1147 045e 01       		.byte	1
 1148 045f F2       		.byte	-14
 1149 0460 E2       		.byte	-30
 1150 0461 00       		.byte	0
 1151 0462 02       		.byte	2
 1152 0463 00       		.byte	0
 1153 0464 00       		.byte	0
 1154 0465 00       		.byte	0
 1155 0466 00       		.byte	0
 1156 0467 00       		.byte	0
 1157 0468 BB       		.byte	-69
 1158 0469 00       		.byte	0
 1159 046a 18       		.byte	24
 1160 046b 01       		.byte	1
 1161              		.section	.cywolatch,"a",%progbits
 1162              		.align	2
 1163              		.type	cy_meta_wonvl, %object
 1164              		.size	cy_meta_wonvl, 4
 1165              	cy_meta_wonvl:
 1166 0000 BC       		.byte	-68
 1167 0001 90       		.byte	-112
 1168 0002 AC       		.byte	-84
 1169 0003 AF       		.byte	-81
 1170              		.section	.cycustnvl,"a",%progbits
 1171              		.align	2
 1172              		.type	cy_meta_custnvl, %object
 1173              		.size	cy_meta_custnvl, 4
 1174              	cy_meta_custnvl:
 1175 0000 00       		.byte	0
 1176 0001 00       		.byte	0
 1177 0002 40       		.byte	64
 1178 0003 05       		.byte	5
 1179              		.section	.cymeta,"a",%progbits
 1180              		.align	2
 1181              		.type	cy_metadata, %object
 1182              		.size	cy_metadata, 12
 1183              	cy_metadata:
 1184 0000 00       		.byte	0
 1185 0001 01       		.byte	1
 1186 0002 2E       		.byte	46
 1187 0003 16       		.byte	22
 1188 0004 00       		.byte	0
 1189 0005 69       		.byte	105
 1190 0006 00       		.byte	0
 1191 0007 01       		.byte	1
 1192 0008 00       		.byte	0
 1193 0009 00       		.byte	0
 1194 000a 00       		.byte	0
 1195 000b 00       		.byte	0
 1196              		.section	.cyflashprotect,"a",%progbits
 1197              		.align	2
ARM GAS  C:\Users\VINODK~1\AppData\Local\Temp\ccSTgvqf.s 			page 22


 1198              		.type	cy_meta_flashprotect, %object
 1199              		.size	cy_meta_flashprotect, 256
 1200              	cy_meta_flashprotect:
 1201 0000 00000000 		.space	256
 1201      00000000 
 1201      00000000 
 1201      00000000 
 1201      00000000 
 1202              		.text
 1203              	.Letext0:
 1204              		.file 1 "c:\\program files (x86)\\cypress\\psoc creator\\4.4\\psoc creator\\import\\gnu\\arm\\5.4.
 1205              		.file 2 "c:\\program files (x86)\\cypress\\psoc creator\\4.4\\psoc creator\\import\\gnu\\arm\\5.4.
 1206              		.file 3 "Generated_Source\\PSoC5\\cymetadata.c"
 1207              		.section	.debug_info,"",%progbits
 1208              	.Ldebug_info0:
 1209 0000 32010000 		.4byte	0x132
 1210 0004 0400     		.2byte	0x4
 1211 0006 00000000 		.4byte	.Ldebug_abbrev0
 1212 000a 04       		.byte	0x4
 1213 000b 01       		.uleb128 0x1
 1214 000c 5E000000 		.4byte	.LASF17
 1215 0010 0C       		.byte	0xc
 1216 0011 B8010000 		.4byte	.LASF18
 1217 0015 0A000000 		.4byte	.LASF19
 1218 0019 00000000 		.4byte	.Ldebug_line0
 1219 001d 02       		.uleb128 0x2
 1220 001e 01       		.byte	0x1
 1221 001f 06       		.byte	0x6
 1222 0020 AC010000 		.4byte	.LASF0
 1223 0024 03       		.uleb128 0x3
 1224 0025 00000000 		.4byte	.LASF9
 1225 0029 01       		.byte	0x1
 1226 002a 1D       		.byte	0x1d
 1227 002b 2F000000 		.4byte	0x2f
 1228 002f 02       		.uleb128 0x2
 1229 0030 01       		.byte	0x1
 1230 0031 08       		.byte	0x8
 1231 0032 50000000 		.4byte	.LASF1
 1232 0036 02       		.uleb128 0x2
 1233 0037 02       		.byte	0x2
 1234 0038 05       		.byte	0x5
 1235 0039 99010000 		.4byte	.LASF2
 1236 003d 02       		.uleb128 0x2
 1237 003e 02       		.byte	0x2
 1238 003f 07       		.byte	0x7
 1239 0040 FE000000 		.4byte	.LASF3
 1240 0044 02       		.uleb128 0x2
 1241 0045 04       		.byte	0x4
 1242 0046 05       		.byte	0x5
 1243 0047 A3010000 		.4byte	.LASF4
 1244 004b 02       		.uleb128 0x2
 1245 004c 04       		.byte	0x4
 1246 004d 07       		.byte	0x7
 1247 004e EC000000 		.4byte	.LASF5
 1248 0052 02       		.uleb128 0x2
 1249 0053 08       		.byte	0x8
 1250 0054 05       		.byte	0x5
ARM GAS  C:\Users\VINODK~1\AppData\Local\Temp\ccSTgvqf.s 			page 23


 1251 0055 8B010000 		.4byte	.LASF6
 1252 0059 02       		.uleb128 0x2
 1253 005a 08       		.byte	0x8
 1254 005b 07       		.byte	0x7
 1255 005c 40010000 		.4byte	.LASF7
 1256 0060 04       		.uleb128 0x4
 1257 0061 04       		.byte	0x4
 1258 0062 05       		.byte	0x5
 1259 0063 696E7400 		.ascii	"int\000"
 1260 0067 02       		.uleb128 0x2
 1261 0068 04       		.byte	0x4
 1262 0069 07       		.byte	0x7
 1263 006a 33010000 		.4byte	.LASF8
 1264 006e 03       		.uleb128 0x3
 1265 006f 57010000 		.4byte	.LASF10
 1266 0073 02       		.byte	0x2
 1267 0074 18       		.byte	0x18
 1268 0075 24000000 		.4byte	0x24
 1269 0079 05       		.uleb128 0x5
 1270 007a 91000000 		.4byte	0x91
 1271 007e 8A000000 		.4byte	0x8a
 1272 0082 06       		.uleb128 0x6
 1273 0083 8A000000 		.4byte	0x8a
 1274 0087 6B04     		.2byte	0x46b
 1275 0089 00       		.byte	0
 1276 008a 02       		.uleb128 0x2
 1277 008b 04       		.byte	0x4
 1278 008c 07       		.byte	0x7
 1279 008d 82010000 		.4byte	.LASF11
 1280 0091 07       		.uleb128 0x7
 1281 0092 6E000000 		.4byte	0x6e
 1282 0096 08       		.uleb128 0x8
 1283 0097 21010000 		.4byte	.LASF12
 1284 009b 03       		.byte	0x3
 1285 009c 1F       		.byte	0x1f
 1286 009d A7000000 		.4byte	0xa7
 1287 00a1 05       		.uleb128 0x5
 1288 00a2 03       		.byte	0x3
 1289 00a3 00000000 		.4byte	cy_meta_configecc
 1290 00a7 07       		.uleb128 0x7
 1291 00a8 79000000 		.4byte	0x79
 1292 00ac 05       		.uleb128 0x5
 1293 00ad 91000000 		.4byte	0x91
 1294 00b1 BC000000 		.4byte	0xbc
 1295 00b5 09       		.uleb128 0x9
 1296 00b6 8A000000 		.4byte	0x8a
 1297 00ba 03       		.byte	0x3
 1298 00bb 00       		.byte	0
 1299 00bc 08       		.uleb128 0x8
 1300 00bd 11010000 		.4byte	.LASF13
 1301 00c1 03       		.byte	0x3
 1302 00c2 BA       		.byte	0xba
 1303 00c3 CD000000 		.4byte	0xcd
 1304 00c7 05       		.uleb128 0x5
 1305 00c8 03       		.byte	0x3
 1306 00c9 00000000 		.4byte	cy_meta_custnvl
 1307 00cd 07       		.uleb128 0x7
ARM GAS  C:\Users\VINODK~1\AppData\Local\Temp\ccSTgvqf.s 			page 24


 1308 00ce AC000000 		.4byte	0xac
 1309 00d2 08       		.uleb128 0x8
 1310 00d3 74010000 		.4byte	.LASF14
 1311 00d7 03       		.byte	0x3
 1312 00d8 C8       		.byte	0xc8
 1313 00d9 E3000000 		.4byte	0xe3
 1314 00dd 05       		.uleb128 0x5
 1315 00de 03       		.byte	0x3
 1316 00df 00000000 		.4byte	cy_meta_wonvl
 1317 00e3 07       		.uleb128 0x7
 1318 00e4 AC000000 		.4byte	0xac
 1319 00e8 05       		.uleb128 0x5
 1320 00e9 91000000 		.4byte	0x91
 1321 00ed F8000000 		.4byte	0xf8
 1322 00f1 09       		.uleb128 0x9
 1323 00f2 8A000000 		.4byte	0x8a
 1324 00f6 FF       		.byte	0xff
 1325 00f7 00       		.byte	0
 1326 00f8 08       		.uleb128 0x8
 1327 00f9 5F010000 		.4byte	.LASF15
 1328 00fd 03       		.byte	0x3
 1329 00fe D6       		.byte	0xd6
 1330 00ff 09010000 		.4byte	0x109
 1331 0103 05       		.uleb128 0x5
 1332 0104 03       		.byte	0x3
 1333 0105 00000000 		.4byte	cy_meta_flashprotect
 1334 0109 07       		.uleb128 0x7
 1335 010a E8000000 		.4byte	0xe8
 1336 010e 05       		.uleb128 0x5
 1337 010f 91000000 		.4byte	0x91
 1338 0113 1E010000 		.4byte	0x11e
 1339 0117 09       		.uleb128 0x9
 1340 0118 8A000000 		.4byte	0x8a
 1341 011c 0B       		.byte	0xb
 1342 011d 00       		.byte	0
 1343 011e 0A       		.uleb128 0xa
 1344 011f 44000000 		.4byte	.LASF16
 1345 0123 03       		.byte	0x3
 1346 0124 0301     		.2byte	0x103
 1347 0126 30010000 		.4byte	0x130
 1348 012a 05       		.uleb128 0x5
 1349 012b 03       		.byte	0x3
 1350 012c 00000000 		.4byte	cy_metadata
 1351 0130 07       		.uleb128 0x7
 1352 0131 0E010000 		.4byte	0x10e
 1353 0135 00       		.byte	0
 1354              		.section	.debug_abbrev,"",%progbits
 1355              	.Ldebug_abbrev0:
 1356 0000 01       		.uleb128 0x1
 1357 0001 11       		.uleb128 0x11
 1358 0002 01       		.byte	0x1
 1359 0003 25       		.uleb128 0x25
 1360 0004 0E       		.uleb128 0xe
 1361 0005 13       		.uleb128 0x13
 1362 0006 0B       		.uleb128 0xb
 1363 0007 03       		.uleb128 0x3
 1364 0008 0E       		.uleb128 0xe
ARM GAS  C:\Users\VINODK~1\AppData\Local\Temp\ccSTgvqf.s 			page 25


 1365 0009 1B       		.uleb128 0x1b
 1366 000a 0E       		.uleb128 0xe
 1367 000b 10       		.uleb128 0x10
 1368 000c 17       		.uleb128 0x17
 1369 000d 00       		.byte	0
 1370 000e 00       		.byte	0
 1371 000f 02       		.uleb128 0x2
 1372 0010 24       		.uleb128 0x24
 1373 0011 00       		.byte	0
 1374 0012 0B       		.uleb128 0xb
 1375 0013 0B       		.uleb128 0xb
 1376 0014 3E       		.uleb128 0x3e
 1377 0015 0B       		.uleb128 0xb
 1378 0016 03       		.uleb128 0x3
 1379 0017 0E       		.uleb128 0xe
 1380 0018 00       		.byte	0
 1381 0019 00       		.byte	0
 1382 001a 03       		.uleb128 0x3
 1383 001b 16       		.uleb128 0x16
 1384 001c 00       		.byte	0
 1385 001d 03       		.uleb128 0x3
 1386 001e 0E       		.uleb128 0xe
 1387 001f 3A       		.uleb128 0x3a
 1388 0020 0B       		.uleb128 0xb
 1389 0021 3B       		.uleb128 0x3b
 1390 0022 0B       		.uleb128 0xb
 1391 0023 49       		.uleb128 0x49
 1392 0024 13       		.uleb128 0x13
 1393 0025 00       		.byte	0
 1394 0026 00       		.byte	0
 1395 0027 04       		.uleb128 0x4
 1396 0028 24       		.uleb128 0x24
 1397 0029 00       		.byte	0
 1398 002a 0B       		.uleb128 0xb
 1399 002b 0B       		.uleb128 0xb
 1400 002c 3E       		.uleb128 0x3e
 1401 002d 0B       		.uleb128 0xb
 1402 002e 03       		.uleb128 0x3
 1403 002f 08       		.uleb128 0x8
 1404 0030 00       		.byte	0
 1405 0031 00       		.byte	0
 1406 0032 05       		.uleb128 0x5
 1407 0033 01       		.uleb128 0x1
 1408 0034 01       		.byte	0x1
 1409 0035 49       		.uleb128 0x49
 1410 0036 13       		.uleb128 0x13
 1411 0037 01       		.uleb128 0x1
 1412 0038 13       		.uleb128 0x13
 1413 0039 00       		.byte	0
 1414 003a 00       		.byte	0
 1415 003b 06       		.uleb128 0x6
 1416 003c 21       		.uleb128 0x21
 1417 003d 00       		.byte	0
 1418 003e 49       		.uleb128 0x49
 1419 003f 13       		.uleb128 0x13
 1420 0040 2F       		.uleb128 0x2f
 1421 0041 05       		.uleb128 0x5
ARM GAS  C:\Users\VINODK~1\AppData\Local\Temp\ccSTgvqf.s 			page 26


 1422 0042 00       		.byte	0
 1423 0043 00       		.byte	0
 1424 0044 07       		.uleb128 0x7
 1425 0045 26       		.uleb128 0x26
 1426 0046 00       		.byte	0
 1427 0047 49       		.uleb128 0x49
 1428 0048 13       		.uleb128 0x13
 1429 0049 00       		.byte	0
 1430 004a 00       		.byte	0
 1431 004b 08       		.uleb128 0x8
 1432 004c 34       		.uleb128 0x34
 1433 004d 00       		.byte	0
 1434 004e 03       		.uleb128 0x3
 1435 004f 0E       		.uleb128 0xe
 1436 0050 3A       		.uleb128 0x3a
 1437 0051 0B       		.uleb128 0xb
 1438 0052 3B       		.uleb128 0x3b
 1439 0053 0B       		.uleb128 0xb
 1440 0054 49       		.uleb128 0x49
 1441 0055 13       		.uleb128 0x13
 1442 0056 3F       		.uleb128 0x3f
 1443 0057 19       		.uleb128 0x19
 1444 0058 02       		.uleb128 0x2
 1445 0059 18       		.uleb128 0x18
 1446 005a 00       		.byte	0
 1447 005b 00       		.byte	0
 1448 005c 09       		.uleb128 0x9
 1449 005d 21       		.uleb128 0x21
 1450 005e 00       		.byte	0
 1451 005f 49       		.uleb128 0x49
 1452 0060 13       		.uleb128 0x13
 1453 0061 2F       		.uleb128 0x2f
 1454 0062 0B       		.uleb128 0xb
 1455 0063 00       		.byte	0
 1456 0064 00       		.byte	0
 1457 0065 0A       		.uleb128 0xa
 1458 0066 34       		.uleb128 0x34
 1459 0067 00       		.byte	0
 1460 0068 03       		.uleb128 0x3
 1461 0069 0E       		.uleb128 0xe
 1462 006a 3A       		.uleb128 0x3a
 1463 006b 0B       		.uleb128 0xb
 1464 006c 3B       		.uleb128 0x3b
 1465 006d 05       		.uleb128 0x5
 1466 006e 49       		.uleb128 0x49
 1467 006f 13       		.uleb128 0x13
 1468 0070 3F       		.uleb128 0x3f
 1469 0071 19       		.uleb128 0x19
 1470 0072 02       		.uleb128 0x2
 1471 0073 18       		.uleb128 0x18
 1472 0074 00       		.byte	0
 1473 0075 00       		.byte	0
 1474 0076 00       		.byte	0
 1475              		.section	.debug_aranges,"",%progbits
 1476 0000 14000000 		.4byte	0x14
 1477 0004 0200     		.2byte	0x2
 1478 0006 00000000 		.4byte	.Ldebug_info0
ARM GAS  C:\Users\VINODK~1\AppData\Local\Temp\ccSTgvqf.s 			page 27


 1479 000a 04       		.byte	0x4
 1480 000b 00       		.byte	0
 1481 000c 0000     		.2byte	0
 1482 000e 0000     		.2byte	0
 1483 0010 00000000 		.4byte	0
 1484 0014 00000000 		.4byte	0
 1485              		.section	.debug_line,"",%progbits
 1486              	.Ldebug_line0:
 1487 0000 3D010000 		.section	.debug_str,"MS",%progbits,1
 1487      02003701 
 1487      00000201 
 1487      FB0E0D00 
 1487      01010101 
 1488              	.LASF9:
 1489 0000 5F5F7569 		.ascii	"__uint8_t\000"
 1489      6E74385F 
 1489      7400
 1490              	.LASF19:
 1491 000a 433A5C55 		.ascii	"C:\\Users\\Vinod Kumar\\Desktop\\23\\06\\Work050621"
 1491      73657273 
 1491      5C56696E 
 1491      6F64204B 
 1491      756D6172 
 1492 0037 5C466972 		.ascii	"\\First.cydsn\000"
 1492      73742E63 
 1492      7964736E 
 1492      00
 1493              	.LASF16:
 1494 0044 63795F6D 		.ascii	"cy_metadata\000"
 1494      65746164 
 1494      61746100 
 1495              	.LASF1:
 1496 0050 756E7369 		.ascii	"unsigned char\000"
 1496      676E6564 
 1496      20636861 
 1496      7200
 1497              	.LASF17:
 1498 005e 474E5520 		.ascii	"GNU C11 5.4.1 20160609 (release) [ARM/embedded-5-br"
 1498      43313120 
 1498      352E342E 
 1498      31203230 
 1498      31363036 
 1499 0091 616E6368 		.ascii	"anch revision 237715] -mcpu=cortex-m3 -mthumb -g -O"
 1499      20726576 
 1499      6973696F 
 1499      6E203233 
 1499      37373135 
 1500 00c4 67202D66 		.ascii	"g -ffunction-sections -ffat-lto-objects\000"
 1500      66756E63 
 1500      74696F6E 
 1500      2D736563 
 1500      74696F6E 
 1501              	.LASF5:
 1502 00ec 6C6F6E67 		.ascii	"long unsigned int\000"
 1502      20756E73 
 1502      69676E65 
 1502      6420696E 
ARM GAS  C:\Users\VINODK~1\AppData\Local\Temp\ccSTgvqf.s 			page 28


 1502      7400
 1503              	.LASF3:
 1504 00fe 73686F72 		.ascii	"short unsigned int\000"
 1504      7420756E 
 1504      7369676E 
 1504      65642069 
 1504      6E7400
 1505              	.LASF13:
 1506 0111 63795F6D 		.ascii	"cy_meta_custnvl\000"
 1506      6574615F 
 1506      63757374 
 1506      6E766C00 
 1507              	.LASF12:
 1508 0121 63795F6D 		.ascii	"cy_meta_configecc\000"
 1508      6574615F 
 1508      636F6E66 
 1508      69676563 
 1508      6300
 1509              	.LASF8:
 1510 0133 756E7369 		.ascii	"unsigned int\000"
 1510      676E6564 
 1510      20696E74 
 1510      00
 1511              	.LASF7:
 1512 0140 6C6F6E67 		.ascii	"long long unsigned int\000"
 1512      206C6F6E 
 1512      6720756E 
 1512      7369676E 
 1512      65642069 
 1513              	.LASF10:
 1514 0157 75696E74 		.ascii	"uint8_t\000"
 1514      385F7400 
 1515              	.LASF15:
 1516 015f 63795F6D 		.ascii	"cy_meta_flashprotect\000"
 1516      6574615F 
 1516      666C6173 
 1516      6870726F 
 1516      74656374 
 1517              	.LASF14:
 1518 0174 63795F6D 		.ascii	"cy_meta_wonvl\000"
 1518      6574615F 
 1518      776F6E76 
 1518      6C00
 1519              	.LASF11:
 1520 0182 73697A65 		.ascii	"sizetype\000"
 1520      74797065 
 1520      00
 1521              	.LASF6:
 1522 018b 6C6F6E67 		.ascii	"long long int\000"
 1522      206C6F6E 
 1522      6720696E 
 1522      7400
 1523              	.LASF2:
 1524 0199 73686F72 		.ascii	"short int\000"
 1524      7420696E 
 1524      7400
 1525              	.LASF4:
ARM GAS  C:\Users\VINODK~1\AppData\Local\Temp\ccSTgvqf.s 			page 29


 1526 01a3 6C6F6E67 		.ascii	"long int\000"
 1526      20696E74 
 1526      00
 1527              	.LASF0:
 1528 01ac 7369676E 		.ascii	"signed char\000"
 1528      65642063 
 1528      68617200 
 1529              	.LASF18:
 1530 01b8 47656E65 		.ascii	"Generated_Source\\PSoC5\\cymetadata.c\000"
 1530      72617465 
 1530      645F536F 
 1530      75726365 
 1530      5C50536F 
 1531              		.ident	"GCC: (GNU Tools for ARM Embedded Processors) 5.4.1 20160609 (release) [ARM/embedded-5-bran
