ARM GAS  C:\Users\VINODK~1\AppData\Local\Temp\ccidyYPU.s 			page 1


   1              		.syntax unified
   2              		.cpu cortex-m3
   3              		.fpu softvfp
   4              		.eabi_attribute 20, 1
   5              		.eabi_attribute 21, 1
   6              		.eabi_attribute 23, 3
   7              		.eabi_attribute 24, 1
   8              		.eabi_attribute 25, 1
   9              		.eabi_attribute 26, 1
  10              		.eabi_attribute 30, 1
  11              		.eabi_attribute 34, 1
  12              		.eabi_attribute 18, 4
  13              		.thumb
  14              		.syntax unified
  15              		.file	"main.c"
  16              		.text
  17              	.Ltext0:
  18              		.cfi_sections	.debug_frame
  19              		.section	.text.ISR_button,"ax",%progbits
  20              		.align	2
  21              		.global	ISR_button
  22              		.thumb
  23              		.thumb_func
  24              		.type	ISR_button, %function
  25              	ISR_button:
  26              	.LFB63:
  27              		.file 1 "main.c"
   1:main.c        **** /* ===============================================================
   2:main.c        ****  *
   3:main.c        ****  * Copyright YOUR COMPANY, THE YEAR
   4:main.c        ****  * All Rights Reserved
   5:main.c        ****  * UNPUBLISHED, LICENSED SOFTWARE.
   6:main.c        ****  *
   7:main.c        ****  * CONFIDENTIAL AND PROPRIETARY INFORMATION
   8:main.c        ****  * WHICH IS THE PROPERTY OF your company.
   9:main.c        ****  *
  10:main.c        ****  * ===============================================================
  11:main.c        ****  * ===============================================================
  12:main.c        ****  * Name                 : Vinod Kumar Kanchi
  13:main.c        ****  * Matriculation Number : 769596
  14:main.c        ****  * Major                : Communication
  15:main.c        ****  * Email Id             : vinod.k.kanchi@stud.h-da.de
  16:main.c        ****  * ===============================================================*/
  17:main.c        **** 
  18:main.c        **** #include "project.h"
  19:main.c        **** 
  20:main.c        **** uint16_t SampledArray[1024];                    //To store the sampled data into an array.
  21:main.c        **** 
  22:main.c        **** uint8_t character;                              //A global variable to check the character received
  23:main.c        **** uint8_t SamplingState;                          //A global variable to check if sampling is done co
  24:main.c        **** 
  25:main.c        **** typedef enum
  26:main.c        **** {   IS_Idle,
  27:main.c        ****     IS_Sampling,
  28:main.c        ****     IS_UART_Transfer,
  29:main.c        **** }System_state;                                  //To define the different states.
  30:main.c        **** 
ARM GAS  C:\Users\VINODK~1\AppData\Local\Temp\ccidyYPU.s 			page 2


  31:main.c        **** System_state state = IS_Idle;                   //Initialize the state to idle.
  32:main.c        **** 
  33:main.c        **** void ISR_button(void)
  34:main.c        **** {
  28              		.loc 1 34 0
  29              		.cfi_startproc
  30              		@ args = 0, pretend = 0, frame = 0
  31              		@ frame_needed = 0, uses_anonymous_args = 0
  32 0000 08B5     		push	{r3, lr}
  33              		.cfi_def_cfa_offset 8
  34              		.cfi_offset 3, -8
  35              		.cfi_offset 14, -4
  35:main.c        ****     state= IS_Sampling;
  36              		.loc 1 35 0
  37 0002 0122     		movs	r2, #1
  38 0004 024B     		ldr	r3, .L3
  39 0006 1A70     		strb	r2, [r3]
  36:main.c        ****     Pin_PushButton_ClearInterrupt();            
  40              		.loc 1 36 0
  41 0008 FFF7FEFF 		bl	Pin_PushButton_ClearInterrupt
  42              	.LVL0:
  43 000c 08BD     		pop	{r3, pc}
  44              	.L4:
  45 000e 00BF     		.align	2
  46              	.L3:
  47 0010 00000000 		.word	.LANCHOR0
  48              		.cfi_endproc
  49              	.LFE63:
  50              		.size	ISR_button, .-ISR_button
  51              		.section	.text.UART_INT,"ax",%progbits
  52              		.align	2
  53              		.global	UART_INT
  54              		.thumb
  55              		.thumb_func
  56              		.type	UART_INT, %function
  57              	UART_INT:
  58              	.LFB64:
  37:main.c        **** }                                               //An interrupt to detect the button press and to cl
  38:main.c        **** 
  39:main.c        **** void UART_INT(void)
  40:main.c        **** {
  59              		.loc 1 40 0
  60              		.cfi_startproc
  61              		@ args = 0, pretend = 0, frame = 0
  62              		@ frame_needed = 0, uses_anonymous_args = 0
  63 0000 08B5     		push	{r3, lr}
  64              		.cfi_def_cfa_offset 8
  65              		.cfi_offset 3, -8
  66              		.cfi_offset 14, -4
  41:main.c        ****     character= UART_GetChar();
  67              		.loc 1 41 0
  68 0002 FFF7FEFF 		bl	UART_GetChar
  69              	.LVL1:
  70 0006 024B     		ldr	r3, .L7
  71 0008 1870     		strb	r0, [r3]
  42:main.c        ****     isr_UART_ClearPending();
  72              		.loc 1 42 0
ARM GAS  C:\Users\VINODK~1\AppData\Local\Temp\ccidyYPU.s 			page 3


  73 000a FFF7FEFF 		bl	isr_UART_ClearPending
  74              	.LVL2:
  75 000e 08BD     		pop	{r3, pc}
  76              	.L8:
  77              		.align	2
  78              	.L7:
  79 0010 00000000 		.word	character
  80              		.cfi_endproc
  81              	.LFE64:
  82              		.size	UART_INT, .-UART_INT
  83              		.section	.text.isr_ADC,"ax",%progbits
  84              		.align	2
  85              		.global	isr_ADC
  86              		.thumb
  87              		.thumb_func
  88              		.type	isr_ADC, %function
  89              	isr_ADC:
  90              	.LFB65:
  43:main.c        **** }                                               //An interrupt to detect the character and to clear
  44:main.c        **** 
  45:main.c        **** CY_ISR_PROTO(isr_ADC);
  46:main.c        **** 
  47:main.c        **** CY_ISR(isr_ADC)
  48:main.c        **** {
  91              		.loc 1 48 0
  92              		.cfi_startproc
  93              		@ args = 0, pretend = 0, frame = 0
  94              		@ frame_needed = 0, uses_anonymous_args = 0
  95 0000 08B5     		push	{r3, lr}
  96              		.cfi_def_cfa_offset 8
  97              		.cfi_offset 3, -8
  98              		.cfi_offset 14, -4
  49:main.c        ****     isr_ADC_ClearPending();
  99              		.loc 1 49 0
 100 0002 FFF7FEFF 		bl	isr_ADC_ClearPending
 101              	.LVL3:
 102 0006 08BD     		pop	{r3, pc}
 103              		.cfi_endproc
 104              	.LFE65:
 105              		.size	isr_ADC, .-isr_ADC
 106              		.section	.text.main,"ax",%progbits
 107              		.align	2
 108              		.global	main
 109              		.thumb
 110              		.thumb_func
 111              		.type	main, %function
 112              	main:
 113              	.LFB66:
  50:main.c        ****     
  51:main.c        **** }                                               //An interrupt to clear the interrupt of ADC.
  52:main.c        ****     
  53:main.c        **** int main(void)
  54:main.c        **** {
 114              		.loc 1 54 0
 115              		.cfi_startproc
 116              		@ args = 0, pretend = 0, frame = 0
 117              		@ frame_needed = 0, uses_anonymous_args = 0
ARM GAS  C:\Users\VINODK~1\AppData\Local\Temp\ccidyYPU.s 			page 4


 118 0000 38B5     		push	{r3, r4, r5, lr}
 119              		.cfi_def_cfa_offset 16
 120              		.cfi_offset 3, -16
 121              		.cfi_offset 4, -12
 122              		.cfi_offset 5, -8
 123              		.cfi_offset 14, -4
  55:main.c        ****     
  56:main.c        ****     CyGlobalIntEnable;                          /* Enable global interrupts. */
 124              		.loc 1 56 0
 125              		.syntax unified
 126              	@ 56 "main.c" 1
 127 0002 62B6     		CPSIE   i
 128              	@ 0 "" 2
  57:main.c        ****    
  58:main.c        ****     isr_ADC_StartEx(isr_ADC);
 129              		.loc 1 58 0
 130              		.thumb
 131              		.syntax unified
 132 0004 3B48     		ldr	r0, .L24
 133 0006 FFF7FEFF 		bl	isr_ADC_StartEx
 134              	.LVL4:
  59:main.c        ****     isr_PushButton_StartEx(ISR_button);
 135              		.loc 1 59 0
 136 000a 3B48     		ldr	r0, .L24+4
 137 000c FFF7FEFF 		bl	isr_PushButton_StartEx
 138              	.LVL5:
  60:main.c        ****     isr_UART_StartEx(UART_INT);                 //Starts all the interrupts.
 139              		.loc 1 60 0
 140 0010 3A48     		ldr	r0, .L24+8
 141 0012 FFF7FEFF 		bl	isr_UART_StartEx
 142              	.LVL6:
 143              	.L13:
  61:main.c        ****     
  62:main.c        ****     
  63:main.c        ****     
  64:main.c        ****     for(;;)
  65:main.c        ****     {
  66:main.c        ****         switch(state)
 144              		.loc 1 66 0
 145 0016 3A4B     		ldr	r3, .L24+12
 146 0018 1B78     		ldrb	r3, [r3]	@ zero_extendqisi2
 147 001a 012B     		cmp	r3, #1
 148 001c 16D0     		beq	.L14
 149 001e 13B1     		cbz	r3, .L15
 150 0020 022B     		cmp	r3, #2
 151 0022 51D0     		beq	.L22
 152 0024 F7E7     		b	.L13
 153              	.L15:
  67:main.c        ****             {
  68:main.c        ****                 case IS_Idle:
  69:main.c        ****                        
  70:main.c        ****                     WaveDAC8_Start();
 154              		.loc 1 70 0
 155 0026 FFF7FEFF 		bl	WaveDAC8_Start
 156              	.LVL7:
  71:main.c        ****                     ADC_DelSig_Start(); 
 157              		.loc 1 71 0
ARM GAS  C:\Users\VINODK~1\AppData\Local\Temp\ccidyYPU.s 			page 5


 158 002a FFF7FEFF 		bl	ADC_DelSig_Start
 159              	.LVL8:
  72:main.c        ****                     UART_Start();                               //Starts all the devices.
 160              		.loc 1 72 0
 161 002e FFF7FEFF 		bl	UART_Start
 162              	.LVL9:
  73:main.c        ****                 
  74:main.c        ****                     SamplingState = 0;      //Set the sampling state to 0 initially.
 163              		.loc 1 74 0
 164 0032 0024     		movs	r4, #0
 165 0034 334B     		ldr	r3, .L24+16
 166 0036 1C70     		strb	r4, [r3]
  75:main.c        ****                     PinYellow_Write(0);
 167              		.loc 1 75 0
 168 0038 2046     		mov	r0, r4
 169 003a FFF7FEFF 		bl	PinYellow_Write
 170              	.LVL10:
  76:main.c        ****                     PinRed_Write(1);
 171              		.loc 1 76 0
 172 003e 0120     		movs	r0, #1
 173 0040 FFF7FEFF 		bl	PinRed_Write
 174              	.LVL11:
  77:main.c        ****                     PinGreen_Write(0);
 175              		.loc 1 77 0
 176 0044 2046     		mov	r0, r4
 177 0046 FFF7FEFF 		bl	PinGreen_Write
 178              	.LVL12:
  78:main.c        ****                                             //Make Red LED glow and other LED's Off to indicate idl
  79:main.c        ****                     break;
 179              		.loc 1 79 0
 180 004a E4E7     		b	.L13
 181              	.L14:
  80:main.c        ****                             
  81:main.c        ****                 case IS_Sampling:
  82:main.c        ****                                                                  
  83:main.c        ****                     PinYellow_Write(1);
 182              		.loc 1 83 0
 183 004c 0120     		movs	r0, #1
 184 004e FFF7FEFF 		bl	PinYellow_Write
 185              	.LVL13:
  84:main.c        ****                     PinRed_Write(0);
 186              		.loc 1 84 0
 187 0052 0020     		movs	r0, #0
 188 0054 FFF7FEFF 		bl	PinRed_Write
 189              	.LVL14:
  85:main.c        ****                     PinGreen_Write(0);      //Make Yellow LED glow and other LED's Off to indicate 
 190              		.loc 1 85 0
 191 0058 0020     		movs	r0, #0
 192 005a FFF7FEFF 		bl	PinGreen_Write
 193              	.LVL15:
  86:main.c        ****                     if(SamplingState ==0)   //If sampling state is 0 and push button is pressed sta
 194              		.loc 1 86 0
 195 005e 294B     		ldr	r3, .L24+16
 196 0060 1B78     		ldrb	r3, [r3]	@ zero_extendqisi2
 197 0062 9BB9     		cbnz	r3, .L18
  87:main.c        ****                     {
  88:main.c        ****                         ADC_DelSig_StartConvert();  //ADC Starts conversion.
ARM GAS  C:\Users\VINODK~1\AppData\Local\Temp\ccidyYPU.s 			page 6


 198              		.loc 1 88 0
 199 0064 FFF7FEFF 		bl	ADC_DelSig_StartConvert
 200              	.LVL16:
 201              	.LBB2:
  89:main.c        ****                         for(uint16_t i=0; i<1024; i++)
 202              		.loc 1 89 0
 203 0068 0024     		movs	r4, #0
 204 006a 09E0     		b	.L19
 205              	.LVL17:
 206              	.L20:
  90:main.c        ****                         {
  91:main.c        ****                             ADC_DelSig_IsEndConversion(ADC_DelSig_WAIT_FOR_RESULT);
 207              		.loc 1 91 0 discriminator 3
 208 006c 0020     		movs	r0, #0
 209 006e FFF7FEFF 		bl	ADC_DelSig_IsEndConversion
 210              	.LVL18:
  92:main.c        ****                             SampledArray[i] = ADC_DelSig_GetResult16();
 211              		.loc 1 92 0 discriminator 3
 212 0072 FFF7FEFF 		bl	ADC_DelSig_GetResult16
 213              	.LVL19:
 214 0076 244B     		ldr	r3, .L24+20
 215 0078 23F81400 		strh	r0, [r3, r4, lsl #1]	@ movhi
  89:main.c        ****                         for(uint16_t i=0; i<1024; i++)
 216              		.loc 1 89 0 discriminator 3
 217 007c 0134     		adds	r4, r4, #1
 218              	.LVL20:
 219 007e A4B2     		uxth	r4, r4
 220              	.LVL21:
 221              	.L19:
  89:main.c        ****                         for(uint16_t i=0; i<1024; i++)
 222              		.loc 1 89 0 is_stmt 0 discriminator 1
 223 0080 B4F5806F 		cmp	r4, #1024
 224 0084 F2D3     		bcc	.L20
 225              	.LBE2:
  93:main.c        ****                             
  94:main.c        ****                         }                   /*A loop of 1024 to stop the conversion and sampling at
  95:main.c        ****                                                 and store the value in an array.*/
  96:main.c        ****                         SamplingState = 1;  //To indicate sampling is done for once.
 226              		.loc 1 96 0 is_stmt 1
 227 0086 0122     		movs	r2, #1
 228 0088 1E4B     		ldr	r3, .L24+16
 229 008a 1A70     		strb	r2, [r3]
 230              	.LVL22:
 231              	.L18:
  97:main.c        ****                     }
  98:main.c        **** 
  99:main.c        ****                     if(character=='s' && SamplingState==1)
 232              		.loc 1 99 0
 233 008c 1F4B     		ldr	r3, .L24+24
 234 008e 1B78     		ldrb	r3, [r3]	@ zero_extendqisi2
 235 0090 732B     		cmp	r3, #115
 236 0092 C0D1     		bne	.L13
 237              		.loc 1 99 0 is_stmt 0 discriminator 1
 238 0094 1B4B     		ldr	r3, .L24+16
 239 0096 1B78     		ldrb	r3, [r3]	@ zero_extendqisi2
 240 0098 012B     		cmp	r3, #1
 241 009a BCD1     		bne	.L13
ARM GAS  C:\Users\VINODK~1\AppData\Local\Temp\ccidyYPU.s 			page 7


 100:main.c        ****                     {
 101:main.c        ****                         state = IS_UART_Transfer;
 242              		.loc 1 101 0 is_stmt 1
 243 009c 0222     		movs	r2, #2
 244 009e 184B     		ldr	r3, .L24+12
 245 00a0 1A70     		strb	r2, [r3]
 102:main.c        ****                         SamplingState = 0;
 246              		.loc 1 102 0
 247 00a2 0023     		movs	r3, #0
 248 00a4 174A     		ldr	r2, .L24+16
 249 00a6 1370     		strb	r3, [r2]
 103:main.c        ****                         character = 0;
 250              		.loc 1 103 0
 251 00a8 184A     		ldr	r2, .L24+24
 252 00aa 1370     		strb	r3, [r2]
 253 00ac B3E7     		b	.L13
 254              	.LVL23:
 255              	.L21:
 256              	.LBB3:
 104:main.c        ****                      }                      /*If character is 's' and sampling state is 1, then cha
 105:main.c        ****                                                  and reset sampling state and character to 0 for on
 106:main.c        ****                         break;
 107:main.c        ****                         
 108:main.c        ****                 case IS_UART_Transfer:
 109:main.c        ****                             
 110:main.c        ****                       for(uint16_t i=0;i<1024;i++)
 111:main.c        ****                          {
 112:main.c        ****                             UART_PutChar(SampledArray[i]);
 257              		.loc 1 112 0 discriminator 3
 258 00ae 164D     		ldr	r5, .L24+20
 259 00b0 15F81400 		ldrb	r0, [r5, r4, lsl #1]	@ zero_extendqisi2
 260 00b4 FFF7FEFF 		bl	UART_PutChar
 261              	.LVL24:
 113:main.c        ****                             UART_PutChar(SampledArray[i]>>8);
 262              		.loc 1 113 0 discriminator 3
 263 00b8 35F81400 		ldrh	r0, [r5, r4, lsl #1]
 264 00bc 000A     		lsrs	r0, r0, #8
 265 00be FFF7FEFF 		bl	UART_PutChar
 266              	.LVL25:
 110:main.c        ****                          {
 267              		.loc 1 110 0 discriminator 3
 268 00c2 0134     		adds	r4, r4, #1
 269              	.LVL26:
 270 00c4 A4B2     		uxth	r4, r4
 271              	.LVL27:
 272 00c6 00E0     		b	.L16
 273              	.LVL28:
 274              	.L22:
 275              	.LBE3:
  66:main.c        ****             {
 276              		.loc 1 66 0
 277 00c8 0024     		movs	r4, #0
 278              	.L16:
 279              	.LVL29:
 280              	.LBB4:
 110:main.c        ****                          {
 281              		.loc 1 110 0 discriminator 1
ARM GAS  C:\Users\VINODK~1\AppData\Local\Temp\ccidyYPU.s 			page 8


 282 00ca B4F5806F 		cmp	r4, #1024
 283 00ce EED3     		bcc	.L21
 284              	.LBE4:
 114:main.c        ****                          }                  /*Loop to transfer data to MATLAB, 8 bits at a time and
 115:main.c        ****                                               8 times to get the next 8 bits.*/  
 116:main.c        ****             
 117:main.c        ****                         PinGreen_Write(1);
 285              		.loc 1 117 0
 286 00d0 0120     		movs	r0, #1
 287 00d2 FFF7FEFF 		bl	PinGreen_Write
 288              	.LVL30:
 118:main.c        ****                         PinRed_Write(0);
 289              		.loc 1 118 0
 290 00d6 0020     		movs	r0, #0
 291 00d8 FFF7FEFF 		bl	PinRed_Write
 292              	.LVL31:
 119:main.c        ****                         PinYellow_Write(0); //Make Green LED glow and other LED's Off to indicate T
 293              		.loc 1 119 0
 294 00dc 0020     		movs	r0, #0
 295 00de FFF7FEFF 		bl	PinYellow_Write
 296              	.LVL32:
 120:main.c        ****                                             
 121:main.c        ****                         if(character == 'o')
 297              		.loc 1 121 0
 298 00e2 0A4B     		ldr	r3, .L24+24
 299 00e4 1B78     		ldrb	r3, [r3]	@ zero_extendqisi2
 300 00e6 6F2B     		cmp	r3, #111
 301 00e8 95D1     		bne	.L13
 122:main.c        ****                         {
 123:main.c        ****                              state=IS_Sampling; //If MATLAB sends character 'o' then move back to s
 302              		.loc 1 123 0
 303 00ea 0122     		movs	r2, #1
 304 00ec 044B     		ldr	r3, .L24+12
 305 00ee 1A70     		strb	r2, [r3]
 306 00f0 91E7     		b	.L13
 307              	.L25:
 308 00f2 00BF     		.align	2
 309              	.L24:
 310 00f4 00000000 		.word	isr_ADC
 311 00f8 00000000 		.word	ISR_button
 312 00fc 00000000 		.word	UART_INT
 313 0100 00000000 		.word	.LANCHOR0
 314 0104 00000000 		.word	SamplingState
 315 0108 00000000 		.word	SampledArray
 316 010c 00000000 		.word	character
 317              		.cfi_endproc
 318              	.LFE66:
 319              		.size	main, .-main
 320              		.global	state
 321              		.comm	SamplingState,1,1
 322              		.comm	character,1,1
 323              		.comm	SampledArray,2048,4
 324              		.bss
 325              		.set	.LANCHOR0,. + 0
 326              		.type	state, %object
 327              		.size	state, 1
 328              	state:
ARM GAS  C:\Users\VINODK~1\AppData\Local\Temp\ccidyYPU.s 			page 9


 329 0000 00       		.space	1
 330              		.text
 331              	.Letext0:
 332              		.file 2 "c:\\program files (x86)\\cypress\\psoc creator\\4.4\\psoc creator\\import\\gnu\\arm\\5.4.
 333              		.file 3 "c:\\program files (x86)\\cypress\\psoc creator\\4.4\\psoc creator\\import\\gnu\\arm\\5.4.
 334              		.file 4 "Generated_Source\\PSoC5/core_cm3.h"
 335              		.file 5 "Generated_Source\\PSoC5/Pin_PushButton.h"
 336              		.file 6 "Generated_Source\\PSoC5/UART.h"
 337              		.file 7 "Generated_Source\\PSoC5/isr_UART.h"
 338              		.file 8 "Generated_Source\\PSoC5/isr_ADC.h"
 339              		.file 9 "Generated_Source\\PSoC5/ADC_DelSig.h"
 340              		.file 10 "Generated_Source\\PSoC5/isr_PushButton.h"
 341              		.file 11 "Generated_Source\\PSoC5/WaveDAC8.h"
 342              		.file 12 "Generated_Source\\PSoC5/PinYellow.h"
 343              		.file 13 "Generated_Source\\PSoC5/PinRed.h"
 344              		.file 14 "Generated_Source\\PSoC5/PinGreen.h"
 345              		.section	.debug_info,"",%progbits
 346              	.Ldebug_info0:
 347 0000 0A040000 		.4byte	0x40a
 348 0004 0400     		.2byte	0x4
 349 0006 00000000 		.4byte	.Ldebug_abbrev0
 350 000a 04       		.byte	0x4
 351 000b 01       		.uleb128 0x1
 352 000c 13000000 		.4byte	.LASF49
 353 0010 0C       		.byte	0xc
 354 0011 E6020000 		.4byte	.LASF50
 355 0015 FA000000 		.4byte	.LASF51
 356 0019 18000000 		.4byte	.Ldebug_ranges0+0x18
 357 001d 00000000 		.4byte	0
 358 0021 00000000 		.4byte	.Ldebug_line0
 359 0025 02       		.uleb128 0x2
 360 0026 01       		.byte	0x1
 361 0027 06       		.byte	0x6
 362 0028 44030000 		.4byte	.LASF0
 363 002c 03       		.uleb128 0x3
 364 002d 09000000 		.4byte	.LASF3
 365 0031 02       		.byte	0x2
 366 0032 1D       		.byte	0x1d
 367 0033 37000000 		.4byte	0x37
 368 0037 02       		.uleb128 0x2
 369 0038 01       		.byte	0x1
 370 0039 08       		.byte	0x8
 371 003a 90010000 		.4byte	.LASF1
 372 003e 02       		.uleb128 0x2
 373 003f 02       		.byte	0x2
 374 0040 05       		.byte	0x5
 375 0041 0B030000 		.4byte	.LASF2
 376 0045 03       		.uleb128 0x3
 377 0046 06020000 		.4byte	.LASF4
 378 004a 02       		.byte	0x2
 379 004b 2B       		.byte	0x2b
 380 004c 50000000 		.4byte	0x50
 381 0050 02       		.uleb128 0x2
 382 0051 02       		.byte	0x2
 383 0052 07       		.byte	0x7
 384 0053 CE010000 		.4byte	.LASF5
 385 0057 03       		.uleb128 0x3
ARM GAS  C:\Users\VINODK~1\AppData\Local\Temp\ccidyYPU.s 			page 10


 386 0058 D5000000 		.4byte	.LASF6
 387 005c 02       		.byte	0x2
 388 005d 3F       		.byte	0x3f
 389 005e 62000000 		.4byte	0x62
 390 0062 02       		.uleb128 0x2
 391 0063 04       		.byte	0x4
 392 0064 05       		.byte	0x5
 393 0065 2F030000 		.4byte	.LASF7
 394 0069 02       		.uleb128 0x2
 395 006a 04       		.byte	0x4
 396 006b 07       		.byte	0x7
 397 006c BC010000 		.4byte	.LASF8
 398 0070 02       		.uleb128 0x2
 399 0071 08       		.byte	0x8
 400 0072 05       		.byte	0x5
 401 0073 CF020000 		.4byte	.LASF9
 402 0077 02       		.uleb128 0x2
 403 0078 08       		.byte	0x8
 404 0079 07       		.byte	0x7
 405 007a 37020000 		.4byte	.LASF10
 406 007e 04       		.uleb128 0x4
 407 007f 04       		.byte	0x4
 408 0080 05       		.byte	0x5
 409 0081 696E7400 		.ascii	"int\000"
 410 0085 02       		.uleb128 0x2
 411 0086 04       		.byte	0x4
 412 0087 07       		.byte	0x7
 413 0088 2A020000 		.4byte	.LASF11
 414 008c 03       		.uleb128 0x3
 415 008d 4E020000 		.4byte	.LASF12
 416 0091 03       		.byte	0x3
 417 0092 18       		.byte	0x18
 418 0093 2C000000 		.4byte	0x2c
 419 0097 03       		.uleb128 0x3
 420 0098 15030000 		.4byte	.LASF13
 421 009c 03       		.byte	0x3
 422 009d 24       		.byte	0x24
 423 009e 45000000 		.4byte	0x45
 424 00a2 03       		.uleb128 0x3
 425 00a3 A3020000 		.4byte	.LASF14
 426 00a7 03       		.byte	0x3
 427 00a8 2C       		.byte	0x2c
 428 00a9 57000000 		.4byte	0x57
 429 00ad 02       		.uleb128 0x2
 430 00ae 04       		.byte	0x4
 431 00af 04       		.byte	0x4
 432 00b0 79010000 		.4byte	.LASF15
 433 00b4 02       		.uleb128 0x2
 434 00b5 08       		.byte	0x8
 435 00b6 04       		.byte	0x4
 436 00b7 11020000 		.4byte	.LASF16
 437 00bb 02       		.uleb128 0x2
 438 00bc 01       		.byte	0x1
 439 00bd 08       		.byte	0x8
 440 00be ED020000 		.4byte	.LASF17
 441 00c2 02       		.uleb128 0x2
 442 00c3 08       		.byte	0x8
ARM GAS  C:\Users\VINODK~1\AppData\Local\Temp\ccidyYPU.s 			page 11


 443 00c4 04       		.byte	0x4
 444 00c5 38030000 		.4byte	.LASF18
 445 00c9 02       		.uleb128 0x2
 446 00ca 04       		.byte	0x4
 447 00cb 07       		.byte	0x7
 448 00cc DD020000 		.4byte	.LASF19
 449 00d0 05       		.uleb128 0x5
 450 00d1 01       		.byte	0x1
 451 00d2 37000000 		.4byte	0x37
 452 00d6 01       		.byte	0x1
 453 00d7 1A       		.byte	0x1a
 454 00d8 EF000000 		.4byte	0xef
 455 00dc 06       		.uleb128 0x6
 456 00dd 71030000 		.4byte	.LASF20
 457 00e1 00       		.byte	0
 458 00e2 06       		.uleb128 0x6
 459 00e3 FF020000 		.4byte	.LASF21
 460 00e7 01       		.byte	0x1
 461 00e8 06       		.uleb128 0x6
 462 00e9 7F010000 		.4byte	.LASF22
 463 00ed 02       		.byte	0x2
 464 00ee 00       		.byte	0
 465 00ef 03       		.uleb128 0x3
 466 00f0 18020000 		.4byte	.LASF23
 467 00f4 01       		.byte	0x1
 468 00f5 1D       		.byte	0x1d
 469 00f6 D0000000 		.4byte	0xd0
 470 00fa 07       		.uleb128 0x7
 471 00fb 57010000 		.4byte	.LASF24
 472 00ff 01       		.byte	0x1
 473 0100 21       		.byte	0x21
 474 0101 00000000 		.4byte	.LFB63
 475 0105 14000000 		.4byte	.LFE63-.LFB63
 476 0109 01       		.uleb128 0x1
 477 010a 9C       		.byte	0x9c
 478 010b 19010000 		.4byte	0x119
 479 010f 08       		.uleb128 0x8
 480 0110 0C000000 		.4byte	.LVL0
 481 0114 52030000 		.4byte	0x352
 482 0118 00       		.byte	0
 483 0119 07       		.uleb128 0x7
 484 011a 00000000 		.4byte	.LASF25
 485 011e 01       		.byte	0x1
 486 011f 27       		.byte	0x27
 487 0120 00000000 		.4byte	.LFB64
 488 0124 14000000 		.4byte	.LFE64-.LFB64
 489 0128 01       		.uleb128 0x1
 490 0129 9C       		.byte	0x9c
 491 012a 41010000 		.4byte	0x141
 492 012e 08       		.uleb128 0x8
 493 012f 06000000 		.4byte	.LVL1
 494 0133 5D030000 		.4byte	0x35d
 495 0137 08       		.uleb128 0x8
 496 0138 0E000000 		.4byte	.LVL2
 497 013c 68030000 		.4byte	0x368
 498 0140 00       		.byte	0
 499 0141 07       		.uleb128 0x7
ARM GAS  C:\Users\VINODK~1\AppData\Local\Temp\ccidyYPU.s 			page 12


 500 0142 56020000 		.4byte	.LASF26
 501 0146 01       		.byte	0x1
 502 0147 2F       		.byte	0x2f
 503 0148 00000000 		.4byte	.LFB65
 504 014c 08000000 		.4byte	.LFE65-.LFB65
 505 0150 01       		.uleb128 0x1
 506 0151 9C       		.byte	0x9c
 507 0152 60010000 		.4byte	0x160
 508 0156 08       		.uleb128 0x8
 509 0157 06000000 		.4byte	.LVL3
 510 015b 73030000 		.4byte	0x373
 511 015f 00       		.byte	0
 512 0160 09       		.uleb128 0x9
 513 0161 25020000 		.4byte	.LASF52
 514 0165 01       		.byte	0x1
 515 0166 35       		.byte	0x35
 516 0167 7E000000 		.4byte	0x7e
 517 016b 00000000 		.4byte	.LFB66
 518 016f 10010000 		.4byte	.LFE66-.LFB66
 519 0173 01       		.uleb128 0x1
 520 0174 9C       		.byte	0x9c
 521 0175 EC020000 		.4byte	0x2ec
 522 0179 0A       		.uleb128 0xa
 523 017a 68000000 		.4byte	.LBB2
 524 017e 1E000000 		.4byte	.LBE2-.LBB2
 525 0182 B0010000 		.4byte	0x1b0
 526 0186 0B       		.uleb128 0xb
 527 0187 6900     		.ascii	"i\000"
 528 0189 01       		.byte	0x1
 529 018a 59       		.byte	0x59
 530 018b 97000000 		.4byte	0x97
 531 018f 00000000 		.4byte	.LLST0
 532 0193 0C       		.uleb128 0xc
 533 0194 72000000 		.4byte	.LVL18
 534 0198 7E030000 		.4byte	0x37e
 535 019c A6010000 		.4byte	0x1a6
 536 01a0 0D       		.uleb128 0xd
 537 01a1 01       		.uleb128 0x1
 538 01a2 50       		.byte	0x50
 539 01a3 01       		.uleb128 0x1
 540 01a4 30       		.byte	0x30
 541 01a5 00       		.byte	0
 542 01a6 08       		.uleb128 0x8
 543 01a7 76000000 		.4byte	.LVL19
 544 01ab 89030000 		.4byte	0x389
 545 01af 00       		.byte	0
 546 01b0 0E       		.uleb128 0xe
 547 01b1 00000000 		.4byte	.Ldebug_ranges0+0
 548 01b5 D9010000 		.4byte	0x1d9
 549 01b9 0B       		.uleb128 0xb
 550 01ba 6900     		.ascii	"i\000"
 551 01bc 01       		.byte	0x1
 552 01bd 6E       		.byte	0x6e
 553 01be 97000000 		.4byte	0x97
 554 01c2 2A000000 		.4byte	.LLST1
 555 01c6 08       		.uleb128 0x8
 556 01c7 B8000000 		.4byte	.LVL24
ARM GAS  C:\Users\VINODK~1\AppData\Local\Temp\ccidyYPU.s 			page 13


 557 01cb 94030000 		.4byte	0x394
 558 01cf 08       		.uleb128 0x8
 559 01d0 C2000000 		.4byte	.LVL25
 560 01d4 94030000 		.4byte	0x394
 561 01d8 00       		.byte	0
 562 01d9 0C       		.uleb128 0xc
 563 01da 0A000000 		.4byte	.LVL4
 564 01de 9F030000 		.4byte	0x39f
 565 01e2 F0010000 		.4byte	0x1f0
 566 01e6 0D       		.uleb128 0xd
 567 01e7 01       		.uleb128 0x1
 568 01e8 50       		.byte	0x50
 569 01e9 05       		.uleb128 0x5
 570 01ea 03       		.byte	0x3
 571 01eb 00000000 		.4byte	isr_ADC
 572 01ef 00       		.byte	0
 573 01f0 0C       		.uleb128 0xc
 574 01f1 10000000 		.4byte	.LVL5
 575 01f5 AA030000 		.4byte	0x3aa
 576 01f9 07020000 		.4byte	0x207
 577 01fd 0D       		.uleb128 0xd
 578 01fe 01       		.uleb128 0x1
 579 01ff 50       		.byte	0x50
 580 0200 05       		.uleb128 0x5
 581 0201 03       		.byte	0x3
 582 0202 00000000 		.4byte	ISR_button
 583 0206 00       		.byte	0
 584 0207 0C       		.uleb128 0xc
 585 0208 16000000 		.4byte	.LVL6
 586 020c B5030000 		.4byte	0x3b5
 587 0210 1E020000 		.4byte	0x21e
 588 0214 0D       		.uleb128 0xd
 589 0215 01       		.uleb128 0x1
 590 0216 50       		.byte	0x50
 591 0217 05       		.uleb128 0x5
 592 0218 03       		.byte	0x3
 593 0219 00000000 		.4byte	UART_INT
 594 021d 00       		.byte	0
 595 021e 08       		.uleb128 0x8
 596 021f 2A000000 		.4byte	.LVL7
 597 0223 C0030000 		.4byte	0x3c0
 598 0227 08       		.uleb128 0x8
 599 0228 2E000000 		.4byte	.LVL8
 600 022c CB030000 		.4byte	0x3cb
 601 0230 08       		.uleb128 0x8
 602 0231 32000000 		.4byte	.LVL9
 603 0235 D6030000 		.4byte	0x3d6
 604 0239 0C       		.uleb128 0xc
 605 023a 3E000000 		.4byte	.LVL10
 606 023e E1030000 		.4byte	0x3e1
 607 0242 4D020000 		.4byte	0x24d
 608 0246 0D       		.uleb128 0xd
 609 0247 01       		.uleb128 0x1
 610 0248 50       		.byte	0x50
 611 0249 02       		.uleb128 0x2
 612 024a 74       		.byte	0x74
 613 024b 00       		.sleb128 0
ARM GAS  C:\Users\VINODK~1\AppData\Local\Temp\ccidyYPU.s 			page 14


 614 024c 00       		.byte	0
 615 024d 0C       		.uleb128 0xc
 616 024e 44000000 		.4byte	.LVL11
 617 0252 EC030000 		.4byte	0x3ec
 618 0256 60020000 		.4byte	0x260
 619 025a 0D       		.uleb128 0xd
 620 025b 01       		.uleb128 0x1
 621 025c 50       		.byte	0x50
 622 025d 01       		.uleb128 0x1
 623 025e 31       		.byte	0x31
 624 025f 00       		.byte	0
 625 0260 0C       		.uleb128 0xc
 626 0261 4A000000 		.4byte	.LVL12
 627 0265 F7030000 		.4byte	0x3f7
 628 0269 74020000 		.4byte	0x274
 629 026d 0D       		.uleb128 0xd
 630 026e 01       		.uleb128 0x1
 631 026f 50       		.byte	0x50
 632 0270 02       		.uleb128 0x2
 633 0271 74       		.byte	0x74
 634 0272 00       		.sleb128 0
 635 0273 00       		.byte	0
 636 0274 0C       		.uleb128 0xc
 637 0275 52000000 		.4byte	.LVL13
 638 0279 E1030000 		.4byte	0x3e1
 639 027d 87020000 		.4byte	0x287
 640 0281 0D       		.uleb128 0xd
 641 0282 01       		.uleb128 0x1
 642 0283 50       		.byte	0x50
 643 0284 01       		.uleb128 0x1
 644 0285 31       		.byte	0x31
 645 0286 00       		.byte	0
 646 0287 0C       		.uleb128 0xc
 647 0288 58000000 		.4byte	.LVL14
 648 028c EC030000 		.4byte	0x3ec
 649 0290 9A020000 		.4byte	0x29a
 650 0294 0D       		.uleb128 0xd
 651 0295 01       		.uleb128 0x1
 652 0296 50       		.byte	0x50
 653 0297 01       		.uleb128 0x1
 654 0298 30       		.byte	0x30
 655 0299 00       		.byte	0
 656 029a 0C       		.uleb128 0xc
 657 029b 5E000000 		.4byte	.LVL15
 658 029f F7030000 		.4byte	0x3f7
 659 02a3 AD020000 		.4byte	0x2ad
 660 02a7 0D       		.uleb128 0xd
 661 02a8 01       		.uleb128 0x1
 662 02a9 50       		.byte	0x50
 663 02aa 01       		.uleb128 0x1
 664 02ab 30       		.byte	0x30
 665 02ac 00       		.byte	0
 666 02ad 08       		.uleb128 0x8
 667 02ae 68000000 		.4byte	.LVL16
 668 02b2 02040000 		.4byte	0x402
 669 02b6 0C       		.uleb128 0xc
 670 02b7 D6000000 		.4byte	.LVL30
ARM GAS  C:\Users\VINODK~1\AppData\Local\Temp\ccidyYPU.s 			page 15


 671 02bb F7030000 		.4byte	0x3f7
 672 02bf C9020000 		.4byte	0x2c9
 673 02c3 0D       		.uleb128 0xd
 674 02c4 01       		.uleb128 0x1
 675 02c5 50       		.byte	0x50
 676 02c6 01       		.uleb128 0x1
 677 02c7 31       		.byte	0x31
 678 02c8 00       		.byte	0
 679 02c9 0C       		.uleb128 0xc
 680 02ca DC000000 		.4byte	.LVL31
 681 02ce EC030000 		.4byte	0x3ec
 682 02d2 DC020000 		.4byte	0x2dc
 683 02d6 0D       		.uleb128 0xd
 684 02d7 01       		.uleb128 0x1
 685 02d8 50       		.byte	0x50
 686 02d9 01       		.uleb128 0x1
 687 02da 30       		.byte	0x30
 688 02db 00       		.byte	0
 689 02dc 0F       		.uleb128 0xf
 690 02dd E2000000 		.4byte	.LVL32
 691 02e1 E1030000 		.4byte	0x3e1
 692 02e5 0D       		.uleb128 0xd
 693 02e6 01       		.uleb128 0x1
 694 02e7 50       		.byte	0x50
 695 02e8 01       		.uleb128 0x1
 696 02e9 30       		.byte	0x30
 697 02ea 00       		.byte	0
 698 02eb 00       		.byte	0
 699 02ec 10       		.uleb128 0x10
 700 02ed EC010000 		.4byte	.LASF27
 701 02f1 04       		.byte	0x4
 702 02f2 1207     		.2byte	0x712
 703 02f4 F8020000 		.4byte	0x2f8
 704 02f8 11       		.uleb128 0x11
 705 02f9 A2000000 		.4byte	0xa2
 706 02fd 12       		.uleb128 0x12
 707 02fe 97000000 		.4byte	0x97
 708 0302 0E030000 		.4byte	0x30e
 709 0306 13       		.uleb128 0x13
 710 0307 C9000000 		.4byte	0xc9
 711 030b FF03     		.2byte	0x3ff
 712 030d 00       		.byte	0
 713 030e 14       		.uleb128 0x14
 714 030f 34010000 		.4byte	.LASF28
 715 0313 01       		.byte	0x1
 716 0314 14       		.byte	0x14
 717 0315 FD020000 		.4byte	0x2fd
 718 0319 05       		.uleb128 0x5
 719 031a 03       		.byte	0x3
 720 031b 00000000 		.4byte	SampledArray
 721 031f 14       		.uleb128 0x14
 722 0320 BC000000 		.4byte	.LASF29
 723 0324 01       		.byte	0x1
 724 0325 16       		.byte	0x16
 725 0326 8C000000 		.4byte	0x8c
 726 032a 05       		.uleb128 0x5
 727 032b 03       		.byte	0x3
ARM GAS  C:\Users\VINODK~1\AppData\Local\Temp\ccidyYPU.s 			page 16


 728 032c 00000000 		.4byte	character
 729 0330 14       		.uleb128 0x14
 730 0331 AE010000 		.4byte	.LASF30
 731 0335 01       		.byte	0x1
 732 0336 17       		.byte	0x17
 733 0337 8C000000 		.4byte	0x8c
 734 033b 05       		.uleb128 0x5
 735 033c 03       		.byte	0x3
 736 033d 00000000 		.4byte	SamplingState
 737 0341 14       		.uleb128 0x14
 738 0342 B6000000 		.4byte	.LASF31
 739 0346 01       		.byte	0x1
 740 0347 1F       		.byte	0x1f
 741 0348 EF000000 		.4byte	0xef
 742 034c 05       		.uleb128 0x5
 743 034d 03       		.byte	0x3
 744 034e 00000000 		.4byte	state
 745 0352 15       		.uleb128 0x15
 746 0353 5E020000 		.4byte	.LASF32
 747 0357 5E020000 		.4byte	.LASF32
 748 035b 05       		.byte	0x5
 749 035c 2B       		.byte	0x2b
 750 035d 15       		.uleb128 0x15
 751 035e F2020000 		.4byte	.LASF33
 752 0362 F2020000 		.4byte	.LASF33
 753 0366 06       		.byte	0x6
 754 0367 71       		.byte	0x71
 755 0368 15       		.uleb128 0x15
 756 0369 41010000 		.4byte	.LASF34
 757 036d 41010000 		.4byte	.LASF34
 758 0371 07       		.byte	0x7
 759 0372 28       		.byte	0x28
 760 0373 15       		.uleb128 0x15
 761 0374 A1000000 		.4byte	.LASF35
 762 0378 A1000000 		.4byte	.LASF35
 763 037c 08       		.byte	0x8
 764 037d 28       		.byte	0x28
 765 037e 15       		.uleb128 0x15
 766 037f DF000000 		.4byte	.LASF36
 767 0383 DF000000 		.4byte	.LASF36
 768 0387 09       		.byte	0x9
 769 0388 3F       		.byte	0x3f
 770 0389 15       		.uleb128 0x15
 771 038a 62010000 		.4byte	.LASF37
 772 038e 62010000 		.4byte	.LASF37
 773 0392 09       		.byte	0x9
 774 0393 41       		.byte	0x41
 775 0394 15       		.uleb128 0x15
 776 0395 AB020000 		.4byte	.LASF38
 777 0399 AB020000 		.4byte	.LASF38
 778 039d 06       		.byte	0x6
 779 039e 8A       		.byte	0x8a
 780 039f 15       		.uleb128 0x15
 781 03a0 61030000 		.4byte	.LASF39
 782 03a4 61030000 		.4byte	.LASF39
 783 03a8 08       		.byte	0x8
 784 03a9 18       		.byte	0x18
ARM GAS  C:\Users\VINODK~1\AppData\Local\Temp\ccidyYPU.s 			page 17


 785 03aa 15       		.uleb128 0x15
 786 03ab B8020000 		.4byte	.LASF40
 787 03af B8020000 		.4byte	.LASF40
 788 03b3 0A       		.byte	0xa
 789 03b4 18       		.byte	0x18
 790 03b5 15       		.uleb128 0x15
 791 03b6 50030000 		.4byte	.LASF41
 792 03ba 50030000 		.4byte	.LASF41
 793 03be 07       		.byte	0x7
 794 03bf 18       		.byte	0x18
 795 03c0 15       		.uleb128 0x15
 796 03c1 C6000000 		.4byte	.LASF42
 797 03c5 C6000000 		.4byte	.LASF42
 798 03c9 0B       		.byte	0xb
 799 03ca 67       		.byte	0x67
 800 03cb 15       		.uleb128 0x15
 801 03cc 1E030000 		.4byte	.LASF43
 802 03d0 1E030000 		.4byte	.LASF43
 803 03d4 09       		.byte	0x9
 804 03d5 3A       		.byte	0x3a
 805 03d6 15       		.uleb128 0x15
 806 03d7 E1010000 		.4byte	.LASF44
 807 03db E1010000 		.4byte	.LASF44
 808 03df 06       		.byte	0x6
 809 03e0 54       		.byte	0x54
 810 03e1 15       		.uleb128 0x15
 811 03e2 9E010000 		.4byte	.LASF45
 812 03e6 9E010000 		.4byte	.LASF45
 813 03ea 0C       		.byte	0xc
 814 03eb 26       		.byte	0x26
 815 03ec 15       		.uleb128 0x15
 816 03ed F9010000 		.4byte	.LASF46
 817 03f1 F9010000 		.4byte	.LASF46
 818 03f5 0D       		.byte	0xd
 819 03f6 26       		.byte	0x26
 820 03f7 15       		.uleb128 0x15
 821 03f8 7C020000 		.4byte	.LASF47
 822 03fc 7C020000 		.4byte	.LASF47
 823 0400 0E       		.byte	0xe
 824 0401 26       		.byte	0x26
 825 0402 15       		.uleb128 0x15
 826 0403 8B020000 		.4byte	.LASF48
 827 0407 8B020000 		.4byte	.LASF48
 828 040b 09       		.byte	0x9
 829 040c 3D       		.byte	0x3d
 830 040d 00       		.byte	0
 831              		.section	.debug_abbrev,"",%progbits
 832              	.Ldebug_abbrev0:
 833 0000 01       		.uleb128 0x1
 834 0001 11       		.uleb128 0x11
 835 0002 01       		.byte	0x1
 836 0003 25       		.uleb128 0x25
 837 0004 0E       		.uleb128 0xe
 838 0005 13       		.uleb128 0x13
 839 0006 0B       		.uleb128 0xb
 840 0007 03       		.uleb128 0x3
 841 0008 0E       		.uleb128 0xe
ARM GAS  C:\Users\VINODK~1\AppData\Local\Temp\ccidyYPU.s 			page 18


 842 0009 1B       		.uleb128 0x1b
 843 000a 0E       		.uleb128 0xe
 844 000b 55       		.uleb128 0x55
 845 000c 17       		.uleb128 0x17
 846 000d 11       		.uleb128 0x11
 847 000e 01       		.uleb128 0x1
 848 000f 10       		.uleb128 0x10
 849 0010 17       		.uleb128 0x17
 850 0011 00       		.byte	0
 851 0012 00       		.byte	0
 852 0013 02       		.uleb128 0x2
 853 0014 24       		.uleb128 0x24
 854 0015 00       		.byte	0
 855 0016 0B       		.uleb128 0xb
 856 0017 0B       		.uleb128 0xb
 857 0018 3E       		.uleb128 0x3e
 858 0019 0B       		.uleb128 0xb
 859 001a 03       		.uleb128 0x3
 860 001b 0E       		.uleb128 0xe
 861 001c 00       		.byte	0
 862 001d 00       		.byte	0
 863 001e 03       		.uleb128 0x3
 864 001f 16       		.uleb128 0x16
 865 0020 00       		.byte	0
 866 0021 03       		.uleb128 0x3
 867 0022 0E       		.uleb128 0xe
 868 0023 3A       		.uleb128 0x3a
 869 0024 0B       		.uleb128 0xb
 870 0025 3B       		.uleb128 0x3b
 871 0026 0B       		.uleb128 0xb
 872 0027 49       		.uleb128 0x49
 873 0028 13       		.uleb128 0x13
 874 0029 00       		.byte	0
 875 002a 00       		.byte	0
 876 002b 04       		.uleb128 0x4
 877 002c 24       		.uleb128 0x24
 878 002d 00       		.byte	0
 879 002e 0B       		.uleb128 0xb
 880 002f 0B       		.uleb128 0xb
 881 0030 3E       		.uleb128 0x3e
 882 0031 0B       		.uleb128 0xb
 883 0032 03       		.uleb128 0x3
 884 0033 08       		.uleb128 0x8
 885 0034 00       		.byte	0
 886 0035 00       		.byte	0
 887 0036 05       		.uleb128 0x5
 888 0037 04       		.uleb128 0x4
 889 0038 01       		.byte	0x1
 890 0039 0B       		.uleb128 0xb
 891 003a 0B       		.uleb128 0xb
 892 003b 49       		.uleb128 0x49
 893 003c 13       		.uleb128 0x13
 894 003d 3A       		.uleb128 0x3a
 895 003e 0B       		.uleb128 0xb
 896 003f 3B       		.uleb128 0x3b
 897 0040 0B       		.uleb128 0xb
 898 0041 01       		.uleb128 0x1
ARM GAS  C:\Users\VINODK~1\AppData\Local\Temp\ccidyYPU.s 			page 19


 899 0042 13       		.uleb128 0x13
 900 0043 00       		.byte	0
 901 0044 00       		.byte	0
 902 0045 06       		.uleb128 0x6
 903 0046 28       		.uleb128 0x28
 904 0047 00       		.byte	0
 905 0048 03       		.uleb128 0x3
 906 0049 0E       		.uleb128 0xe
 907 004a 1C       		.uleb128 0x1c
 908 004b 0B       		.uleb128 0xb
 909 004c 00       		.byte	0
 910 004d 00       		.byte	0
 911 004e 07       		.uleb128 0x7
 912 004f 2E       		.uleb128 0x2e
 913 0050 01       		.byte	0x1
 914 0051 3F       		.uleb128 0x3f
 915 0052 19       		.uleb128 0x19
 916 0053 03       		.uleb128 0x3
 917 0054 0E       		.uleb128 0xe
 918 0055 3A       		.uleb128 0x3a
 919 0056 0B       		.uleb128 0xb
 920 0057 3B       		.uleb128 0x3b
 921 0058 0B       		.uleb128 0xb
 922 0059 27       		.uleb128 0x27
 923 005a 19       		.uleb128 0x19
 924 005b 11       		.uleb128 0x11
 925 005c 01       		.uleb128 0x1
 926 005d 12       		.uleb128 0x12
 927 005e 06       		.uleb128 0x6
 928 005f 40       		.uleb128 0x40
 929 0060 18       		.uleb128 0x18
 930 0061 9742     		.uleb128 0x2117
 931 0063 19       		.uleb128 0x19
 932 0064 01       		.uleb128 0x1
 933 0065 13       		.uleb128 0x13
 934 0066 00       		.byte	0
 935 0067 00       		.byte	0
 936 0068 08       		.uleb128 0x8
 937 0069 898201   		.uleb128 0x4109
 938 006c 00       		.byte	0
 939 006d 11       		.uleb128 0x11
 940 006e 01       		.uleb128 0x1
 941 006f 31       		.uleb128 0x31
 942 0070 13       		.uleb128 0x13
 943 0071 00       		.byte	0
 944 0072 00       		.byte	0
 945 0073 09       		.uleb128 0x9
 946 0074 2E       		.uleb128 0x2e
 947 0075 01       		.byte	0x1
 948 0076 3F       		.uleb128 0x3f
 949 0077 19       		.uleb128 0x19
 950 0078 03       		.uleb128 0x3
 951 0079 0E       		.uleb128 0xe
 952 007a 3A       		.uleb128 0x3a
 953 007b 0B       		.uleb128 0xb
 954 007c 3B       		.uleb128 0x3b
 955 007d 0B       		.uleb128 0xb
ARM GAS  C:\Users\VINODK~1\AppData\Local\Temp\ccidyYPU.s 			page 20


 956 007e 27       		.uleb128 0x27
 957 007f 19       		.uleb128 0x19
 958 0080 49       		.uleb128 0x49
 959 0081 13       		.uleb128 0x13
 960 0082 8701     		.uleb128 0x87
 961 0084 19       		.uleb128 0x19
 962 0085 11       		.uleb128 0x11
 963 0086 01       		.uleb128 0x1
 964 0087 12       		.uleb128 0x12
 965 0088 06       		.uleb128 0x6
 966 0089 40       		.uleb128 0x40
 967 008a 18       		.uleb128 0x18
 968 008b 9742     		.uleb128 0x2117
 969 008d 19       		.uleb128 0x19
 970 008e 01       		.uleb128 0x1
 971 008f 13       		.uleb128 0x13
 972 0090 00       		.byte	0
 973 0091 00       		.byte	0
 974 0092 0A       		.uleb128 0xa
 975 0093 0B       		.uleb128 0xb
 976 0094 01       		.byte	0x1
 977 0095 11       		.uleb128 0x11
 978 0096 01       		.uleb128 0x1
 979 0097 12       		.uleb128 0x12
 980 0098 06       		.uleb128 0x6
 981 0099 01       		.uleb128 0x1
 982 009a 13       		.uleb128 0x13
 983 009b 00       		.byte	0
 984 009c 00       		.byte	0
 985 009d 0B       		.uleb128 0xb
 986 009e 34       		.uleb128 0x34
 987 009f 00       		.byte	0
 988 00a0 03       		.uleb128 0x3
 989 00a1 08       		.uleb128 0x8
 990 00a2 3A       		.uleb128 0x3a
 991 00a3 0B       		.uleb128 0xb
 992 00a4 3B       		.uleb128 0x3b
 993 00a5 0B       		.uleb128 0xb
 994 00a6 49       		.uleb128 0x49
 995 00a7 13       		.uleb128 0x13
 996 00a8 02       		.uleb128 0x2
 997 00a9 17       		.uleb128 0x17
 998 00aa 00       		.byte	0
 999 00ab 00       		.byte	0
 1000 00ac 0C       		.uleb128 0xc
 1001 00ad 898201   		.uleb128 0x4109
 1002 00b0 01       		.byte	0x1
 1003 00b1 11       		.uleb128 0x11
 1004 00b2 01       		.uleb128 0x1
 1005 00b3 31       		.uleb128 0x31
 1006 00b4 13       		.uleb128 0x13
 1007 00b5 01       		.uleb128 0x1
 1008 00b6 13       		.uleb128 0x13
 1009 00b7 00       		.byte	0
 1010 00b8 00       		.byte	0
 1011 00b9 0D       		.uleb128 0xd
 1012 00ba 8A8201   		.uleb128 0x410a
ARM GAS  C:\Users\VINODK~1\AppData\Local\Temp\ccidyYPU.s 			page 21


 1013 00bd 00       		.byte	0
 1014 00be 02       		.uleb128 0x2
 1015 00bf 18       		.uleb128 0x18
 1016 00c0 9142     		.uleb128 0x2111
 1017 00c2 18       		.uleb128 0x18
 1018 00c3 00       		.byte	0
 1019 00c4 00       		.byte	0
 1020 00c5 0E       		.uleb128 0xe
 1021 00c6 0B       		.uleb128 0xb
 1022 00c7 01       		.byte	0x1
 1023 00c8 55       		.uleb128 0x55
 1024 00c9 17       		.uleb128 0x17
 1025 00ca 01       		.uleb128 0x1
 1026 00cb 13       		.uleb128 0x13
 1027 00cc 00       		.byte	0
 1028 00cd 00       		.byte	0
 1029 00ce 0F       		.uleb128 0xf
 1030 00cf 898201   		.uleb128 0x4109
 1031 00d2 01       		.byte	0x1
 1032 00d3 11       		.uleb128 0x11
 1033 00d4 01       		.uleb128 0x1
 1034 00d5 31       		.uleb128 0x31
 1035 00d6 13       		.uleb128 0x13
 1036 00d7 00       		.byte	0
 1037 00d8 00       		.byte	0
 1038 00d9 10       		.uleb128 0x10
 1039 00da 34       		.uleb128 0x34
 1040 00db 00       		.byte	0
 1041 00dc 03       		.uleb128 0x3
 1042 00dd 0E       		.uleb128 0xe
 1043 00de 3A       		.uleb128 0x3a
 1044 00df 0B       		.uleb128 0xb
 1045 00e0 3B       		.uleb128 0x3b
 1046 00e1 05       		.uleb128 0x5
 1047 00e2 49       		.uleb128 0x49
 1048 00e3 13       		.uleb128 0x13
 1049 00e4 3F       		.uleb128 0x3f
 1050 00e5 19       		.uleb128 0x19
 1051 00e6 3C       		.uleb128 0x3c
 1052 00e7 19       		.uleb128 0x19
 1053 00e8 00       		.byte	0
 1054 00e9 00       		.byte	0
 1055 00ea 11       		.uleb128 0x11
 1056 00eb 35       		.uleb128 0x35
 1057 00ec 00       		.byte	0
 1058 00ed 49       		.uleb128 0x49
 1059 00ee 13       		.uleb128 0x13
 1060 00ef 00       		.byte	0
 1061 00f0 00       		.byte	0
 1062 00f1 12       		.uleb128 0x12
 1063 00f2 01       		.uleb128 0x1
 1064 00f3 01       		.byte	0x1
 1065 00f4 49       		.uleb128 0x49
 1066 00f5 13       		.uleb128 0x13
 1067 00f6 01       		.uleb128 0x1
 1068 00f7 13       		.uleb128 0x13
 1069 00f8 00       		.byte	0
ARM GAS  C:\Users\VINODK~1\AppData\Local\Temp\ccidyYPU.s 			page 22


 1070 00f9 00       		.byte	0
 1071 00fa 13       		.uleb128 0x13
 1072 00fb 21       		.uleb128 0x21
 1073 00fc 00       		.byte	0
 1074 00fd 49       		.uleb128 0x49
 1075 00fe 13       		.uleb128 0x13
 1076 00ff 2F       		.uleb128 0x2f
 1077 0100 05       		.uleb128 0x5
 1078 0101 00       		.byte	0
 1079 0102 00       		.byte	0
 1080 0103 14       		.uleb128 0x14
 1081 0104 34       		.uleb128 0x34
 1082 0105 00       		.byte	0
 1083 0106 03       		.uleb128 0x3
 1084 0107 0E       		.uleb128 0xe
 1085 0108 3A       		.uleb128 0x3a
 1086 0109 0B       		.uleb128 0xb
 1087 010a 3B       		.uleb128 0x3b
 1088 010b 0B       		.uleb128 0xb
 1089 010c 49       		.uleb128 0x49
 1090 010d 13       		.uleb128 0x13
 1091 010e 3F       		.uleb128 0x3f
 1092 010f 19       		.uleb128 0x19
 1093 0110 02       		.uleb128 0x2
 1094 0111 18       		.uleb128 0x18
 1095 0112 00       		.byte	0
 1096 0113 00       		.byte	0
 1097 0114 15       		.uleb128 0x15
 1098 0115 2E       		.uleb128 0x2e
 1099 0116 00       		.byte	0
 1100 0117 3F       		.uleb128 0x3f
 1101 0118 19       		.uleb128 0x19
 1102 0119 3C       		.uleb128 0x3c
 1103 011a 19       		.uleb128 0x19
 1104 011b 6E       		.uleb128 0x6e
 1105 011c 0E       		.uleb128 0xe
 1106 011d 03       		.uleb128 0x3
 1107 011e 0E       		.uleb128 0xe
 1108 011f 3A       		.uleb128 0x3a
 1109 0120 0B       		.uleb128 0xb
 1110 0121 3B       		.uleb128 0x3b
 1111 0122 0B       		.uleb128 0xb
 1112 0123 00       		.byte	0
 1113 0124 00       		.byte	0
 1114 0125 00       		.byte	0
 1115              		.section	.debug_loc,"",%progbits
 1116              	.Ldebug_loc0:
 1117              	.LLST0:
 1118 0000 68000000 		.4byte	.LVL16
 1119 0004 6C000000 		.4byte	.LVL17
 1120 0008 0200     		.2byte	0x2
 1121 000a 30       		.byte	0x30
 1122 000b 9F       		.byte	0x9f
 1123 000c 6C000000 		.4byte	.LVL17
 1124 0010 7E000000 		.4byte	.LVL20
 1125 0014 0100     		.2byte	0x1
 1126 0016 54       		.byte	0x54
ARM GAS  C:\Users\VINODK~1\AppData\Local\Temp\ccidyYPU.s 			page 23


 1127 0017 80000000 		.4byte	.LVL21
 1128 001b 8C000000 		.4byte	.LVL22
 1129 001f 0100     		.2byte	0x1
 1130 0021 54       		.byte	0x54
 1131 0022 00000000 		.4byte	0
 1132 0026 00000000 		.4byte	0
 1133              	.LLST1:
 1134 002a AE000000 		.4byte	.LVL23
 1135 002e C4000000 		.4byte	.LVL26
 1136 0032 0100     		.2byte	0x1
 1137 0034 54       		.byte	0x54
 1138 0035 C6000000 		.4byte	.LVL27
 1139 0039 C8000000 		.4byte	.LVL28
 1140 003d 0100     		.2byte	0x1
 1141 003f 54       		.byte	0x54
 1142 0040 CA000000 		.4byte	.LVL29
 1143 0044 10010000 		.4byte	.LFE66
 1144 0048 0100     		.2byte	0x1
 1145 004a 54       		.byte	0x54
 1146 004b 00000000 		.4byte	0
 1147 004f 00000000 		.4byte	0
 1148              		.section	.debug_aranges,"",%progbits
 1149 0000 34000000 		.4byte	0x34
 1150 0004 0200     		.2byte	0x2
 1151 0006 00000000 		.4byte	.Ldebug_info0
 1152 000a 04       		.byte	0x4
 1153 000b 00       		.byte	0
 1154 000c 0000     		.2byte	0
 1155 000e 0000     		.2byte	0
 1156 0010 00000000 		.4byte	.LFB63
 1157 0014 14000000 		.4byte	.LFE63-.LFB63
 1158 0018 00000000 		.4byte	.LFB64
 1159 001c 14000000 		.4byte	.LFE64-.LFB64
 1160 0020 00000000 		.4byte	.LFB65
 1161 0024 08000000 		.4byte	.LFE65-.LFB65
 1162 0028 00000000 		.4byte	.LFB66
 1163 002c 10010000 		.4byte	.LFE66-.LFB66
 1164 0030 00000000 		.4byte	0
 1165 0034 00000000 		.4byte	0
 1166              		.section	.debug_ranges,"",%progbits
 1167              	.Ldebug_ranges0:
 1168 0000 AE000000 		.4byte	.LBB3
 1169 0004 C8000000 		.4byte	.LBE3
 1170 0008 CA000000 		.4byte	.LBB4
 1171 000c D0000000 		.4byte	.LBE4
 1172 0010 00000000 		.4byte	0
 1173 0014 00000000 		.4byte	0
 1174 0018 00000000 		.4byte	.LFB63
 1175 001c 14000000 		.4byte	.LFE63
 1176 0020 00000000 		.4byte	.LFB64
 1177 0024 14000000 		.4byte	.LFE64
 1178 0028 00000000 		.4byte	.LFB65
 1179 002c 08000000 		.4byte	.LFE65
 1180 0030 00000000 		.4byte	.LFB66
 1181 0034 10010000 		.4byte	.LFE66
 1182 0038 00000000 		.4byte	0
 1183 003c 00000000 		.4byte	0
ARM GAS  C:\Users\VINODK~1\AppData\Local\Temp\ccidyYPU.s 			page 24


 1184              		.section	.debug_line,"",%progbits
 1185              	.Ldebug_line0:
 1186 0000 6F020000 		.section	.debug_str,"MS",%progbits,1
 1186      0200D301 
 1186      00000201 
 1186      FB0E0D00 
 1186      01010101 
 1187              	.LASF25:
 1188 0000 55415254 		.ascii	"UART_INT\000"
 1188      5F494E54 
 1188      00
 1189              	.LASF3:
 1190 0009 5F5F7569 		.ascii	"__uint8_t\000"
 1190      6E74385F 
 1190      7400
 1191              	.LASF49:
 1192 0013 474E5520 		.ascii	"GNU C11 5.4.1 20160609 (release) [ARM/embedded-5-br"
 1192      43313120 
 1192      352E342E 
 1192      31203230 
 1192      31363036 
 1193 0046 616E6368 		.ascii	"anch revision 237715] -mcpu=cortex-m3 -mthumb -g -O"
 1193      20726576 
 1193      6973696F 
 1193      6E203233 
 1193      37373135 
 1194 0079 67202D66 		.ascii	"g -ffunction-sections -ffat-lto-objects\000"
 1194      66756E63 
 1194      74696F6E 
 1194      2D736563 
 1194      74696F6E 
 1195              	.LASF35:
 1196 00a1 6973725F 		.ascii	"isr_ADC_ClearPending\000"
 1196      4144435F 
 1196      436C6561 
 1196      7250656E 
 1196      64696E67 
 1197              	.LASF31:
 1198 00b6 73746174 		.ascii	"state\000"
 1198      6500
 1199              	.LASF29:
 1200 00bc 63686172 		.ascii	"character\000"
 1200      61637465 
 1200      7200
 1201              	.LASF42:
 1202 00c6 57617665 		.ascii	"WaveDAC8_Start\000"
 1202      44414338 
 1202      5F537461 
 1202      727400
 1203              	.LASF6:
 1204 00d5 5F5F696E 		.ascii	"__int32_t\000"
 1204      7433325F 
 1204      7400
 1205              	.LASF36:
 1206 00df 4144435F 		.ascii	"ADC_DelSig_IsEndConversion\000"
 1206      44656C53 
 1206      69675F49 
ARM GAS  C:\Users\VINODK~1\AppData\Local\Temp\ccidyYPU.s 			page 25


 1206      73456E64 
 1206      436F6E76 
 1207              	.LASF51:
 1208 00fa 433A5C55 		.ascii	"C:\\Users\\Vinod Kumar\\Desktop\\23\\06\\Work050621"
 1208      73657273 
 1208      5C56696E 
 1208      6F64204B 
 1208      756D6172 
 1209 0127 5C466972 		.ascii	"\\First.cydsn\000"
 1209      73742E63 
 1209      7964736E 
 1209      00
 1210              	.LASF28:
 1211 0134 53616D70 		.ascii	"SampledArray\000"
 1211      6C656441 
 1211      72726179 
 1211      00
 1212              	.LASF34:
 1213 0141 6973725F 		.ascii	"isr_UART_ClearPending\000"
 1213      55415254 
 1213      5F436C65 
 1213      61725065 
 1213      6E64696E 
 1214              	.LASF24:
 1215 0157 4953525F 		.ascii	"ISR_button\000"
 1215      62757474 
 1215      6F6E00
 1216              	.LASF37:
 1217 0162 4144435F 		.ascii	"ADC_DelSig_GetResult16\000"
 1217      44656C53 
 1217      69675F47 
 1217      65745265 
 1217      73756C74 
 1218              	.LASF15:
 1219 0179 666C6F61 		.ascii	"float\000"
 1219      7400
 1220              	.LASF22:
 1221 017f 49535F55 		.ascii	"IS_UART_Transfer\000"
 1221      4152545F 
 1221      5472616E 
 1221      73666572 
 1221      00
 1222              	.LASF1:
 1223 0190 756E7369 		.ascii	"unsigned char\000"
 1223      676E6564 
 1223      20636861 
 1223      7200
 1224              	.LASF45:
 1225 019e 50696E59 		.ascii	"PinYellow_Write\000"
 1225      656C6C6F 
 1225      775F5772 
 1225      69746500 
 1226              	.LASF30:
 1227 01ae 53616D70 		.ascii	"SamplingState\000"
 1227      6C696E67 
 1227      53746174 
 1227      6500
ARM GAS  C:\Users\VINODK~1\AppData\Local\Temp\ccidyYPU.s 			page 26


 1228              	.LASF8:
 1229 01bc 6C6F6E67 		.ascii	"long unsigned int\000"
 1229      20756E73 
 1229      69676E65 
 1229      6420696E 
 1229      7400
 1230              	.LASF5:
 1231 01ce 73686F72 		.ascii	"short unsigned int\000"
 1231      7420756E 
 1231      7369676E 
 1231      65642069 
 1231      6E7400
 1232              	.LASF44:
 1233 01e1 55415254 		.ascii	"UART_Start\000"
 1233      5F537461 
 1233      727400
 1234              	.LASF27:
 1235 01ec 49544D5F 		.ascii	"ITM_RxBuffer\000"
 1235      52784275 
 1235      66666572 
 1235      00
 1236              	.LASF46:
 1237 01f9 50696E52 		.ascii	"PinRed_Write\000"
 1237      65645F57 
 1237      72697465 
 1237      00
 1238              	.LASF4:
 1239 0206 5F5F7569 		.ascii	"__uint16_t\000"
 1239      6E743136 
 1239      5F7400
 1240              	.LASF16:
 1241 0211 646F7562 		.ascii	"double\000"
 1241      6C6500
 1242              	.LASF23:
 1243 0218 53797374 		.ascii	"System_state\000"
 1243      656D5F73 
 1243      74617465 
 1243      00
 1244              	.LASF52:
 1245 0225 6D61696E 		.ascii	"main\000"
 1245      00
 1246              	.LASF11:
 1247 022a 756E7369 		.ascii	"unsigned int\000"
 1247      676E6564 
 1247      20696E74 
 1247      00
 1248              	.LASF10:
 1249 0237 6C6F6E67 		.ascii	"long long unsigned int\000"
 1249      206C6F6E 
 1249      6720756E 
 1249      7369676E 
 1249      65642069 
 1250              	.LASF12:
 1251 024e 75696E74 		.ascii	"uint8_t\000"
 1251      385F7400 
 1252              	.LASF26:
 1253 0256 6973725F 		.ascii	"isr_ADC\000"
ARM GAS  C:\Users\VINODK~1\AppData\Local\Temp\ccidyYPU.s 			page 27


 1253      41444300 
 1254              	.LASF32:
 1255 025e 50696E5F 		.ascii	"Pin_PushButton_ClearInterrupt\000"
 1255      50757368 
 1255      42757474 
 1255      6F6E5F43 
 1255      6C656172 
 1256              	.LASF47:
 1257 027c 50696E47 		.ascii	"PinGreen_Write\000"
 1257      7265656E 
 1257      5F577269 
 1257      746500
 1258              	.LASF48:
 1259 028b 4144435F 		.ascii	"ADC_DelSig_StartConvert\000"
 1259      44656C53 
 1259      69675F53 
 1259      74617274 
 1259      436F6E76 
 1260              	.LASF14:
 1261 02a3 696E7433 		.ascii	"int32_t\000"
 1261      325F7400 
 1262              	.LASF38:
 1263 02ab 55415254 		.ascii	"UART_PutChar\000"
 1263      5F507574 
 1263      43686172 
 1263      00
 1264              	.LASF40:
 1265 02b8 6973725F 		.ascii	"isr_PushButton_StartEx\000"
 1265      50757368 
 1265      42757474 
 1265      6F6E5F53 
 1265      74617274 
 1266              	.LASF9:
 1267 02cf 6C6F6E67 		.ascii	"long long int\000"
 1267      206C6F6E 
 1267      6720696E 
 1267      7400
 1268              	.LASF19:
 1269 02dd 73697A65 		.ascii	"sizetype\000"
 1269      74797065 
 1269      00
 1270              	.LASF50:
 1271 02e6 6D61696E 		.ascii	"main.c\000"
 1271      2E6300
 1272              	.LASF17:
 1273 02ed 63686172 		.ascii	"char\000"
 1273      00
 1274              	.LASF33:
 1275 02f2 55415254 		.ascii	"UART_GetChar\000"
 1275      5F476574 
 1275      43686172 
 1275      00
 1276              	.LASF21:
 1277 02ff 49535F53 		.ascii	"IS_Sampling\000"
 1277      616D706C 
 1277      696E6700 
 1278              	.LASF2:
ARM GAS  C:\Users\VINODK~1\AppData\Local\Temp\ccidyYPU.s 			page 28


 1279 030b 73686F72 		.ascii	"short int\000"
 1279      7420696E 
 1279      7400
 1280              	.LASF13:
 1281 0315 75696E74 		.ascii	"uint16_t\000"
 1281      31365F74 
 1281      00
 1282              	.LASF43:
 1283 031e 4144435F 		.ascii	"ADC_DelSig_Start\000"
 1283      44656C53 
 1283      69675F53 
 1283      74617274 
 1283      00
 1284              	.LASF7:
 1285 032f 6C6F6E67 		.ascii	"long int\000"
 1285      20696E74 
 1285      00
 1286              	.LASF18:
 1287 0338 6C6F6E67 		.ascii	"long double\000"
 1287      20646F75 
 1287      626C6500 
 1288              	.LASF0:
 1289 0344 7369676E 		.ascii	"signed char\000"
 1289      65642063 
 1289      68617200 
 1290              	.LASF41:
 1291 0350 6973725F 		.ascii	"isr_UART_StartEx\000"
 1291      55415254 
 1291      5F537461 
 1291      72744578 
 1291      00
 1292              	.LASF39:
 1293 0361 6973725F 		.ascii	"isr_ADC_StartEx\000"
 1293      4144435F 
 1293      53746172 
 1293      74457800 
 1294              	.LASF20:
 1295 0371 49535F49 		.ascii	"IS_Idle\000"
 1295      646C6500 
 1296              		.ident	"GCC: (GNU Tools for ARM Embedded Processors) 5.4.1 20160609 (release) [ARM/embedded-5-bran
